[2022-09-18 20:20:59.973] [renderer1] [critical] Extension 'ms-vsliveshare.vsliveshare' wants API proposal 'notebookDocumentEvents' but that proposal DOES NOT EXIST. Likely, the proposal has been finalized (check 'vscode.d.ts') or was abandoned.
[2022-09-18 20:20:59.997] [renderer1] [warning] [twxs.cmake]: Cannot register 'cmake.cmakePath'. This property is already registered.
[2022-09-18 20:21:00.074] [renderer1] [error] [idleberg.icon-fonts]: Unknown language in `contributes.icon-fonts.language`. Provided value: blade
[2022-09-18 20:21:00.074] [renderer1] [error] [idleberg.icon-fonts]: Unknown language in `contributes.icon-fonts.language`. Provided value: blade
[2022-09-18 20:21:00.075] [renderer1] [error] [idleberg.icon-fonts]: Unknown language in `contributes.icon-fonts.language`. Provided value: blade
[2022-09-18 20:21:00.075] [renderer1] [error] [idleberg.icon-fonts]: Unknown language in `contributes.icon-fonts.language`. Provided value: blade
[2022-09-18 20:21:00.075] [renderer1] [error] [idleberg.icon-fonts]: Unknown language in `contributes.icon-fonts.language`. Provided value: blade
[2022-09-18 20:21:00.075] [renderer1] [error] [idleberg.icon-fonts]: Unknown language in `contributes.icon-fonts.language`. Provided value: blade
[2022-09-18 20:21:00.075] [renderer1] [error] [idleberg.icon-fonts]: Unknown language in `contributes.icon-fonts.language`. Provided value: blade
[2022-09-18 20:21:00.076] [renderer1] [error] [idleberg.icon-fonts]: Unknown language in `contributes.icon-fonts.language`. Provided value: blade
[2022-09-18 20:21:00.076] [renderer1] [error] [idleberg.icon-fonts]: Unknown language in `contributes.icon-fonts.language`. Provided value: blade
[2022-09-18 20:21:00.076] [renderer1] [error] [idleberg.icon-fonts]: Unknown language in `contributes.icon-fonts.language`. Provided value: blade
[2022-09-18 20:21:00.076] [renderer1] [error] [idleberg.icon-fonts]: Unknown language in `contributes.icon-fonts.language`. Provided value: blade
[2022-09-18 20:21:00.076] [renderer1] [error] [idleberg.icon-fonts]: Unknown language in `contributes.icon-fonts.language`. Provided value: blade
[2022-09-18 20:21:00.076] [renderer1] [error] [idleberg.icon-fonts]: Unknown language in `contributes.icon-fonts.language`. Provided value: blade
[2022-09-18 20:21:00.076] [renderer1] [error] [idleberg.icon-fonts]: Unknown language in `contributes.icon-fonts.language`. Provided value: blade
[2022-09-18 20:21:00.077] [renderer1] [error] [idleberg.icon-fonts]: Unknown language in `contributes.icon-fonts.language`. Provided value: blade
[2022-09-18 20:21:00.077] [renderer1] [error] [idleberg.icon-fonts]: Unknown language in `contributes.icon-fonts.language`. Provided value: blade
[2022-09-18 20:21:00.077] [renderer1] [error] [idleberg.icon-fonts]: Unknown language in `contributes.icon-fonts.language`. Provided value: blade
[2022-09-18 20:21:00.077] [renderer1] [error] [idleberg.icon-fonts]: Unknown language in `contributes.icon-fonts.language`. Provided value: blade
[2022-09-18 20:21:00.077] [renderer1] [error] [idleberg.icon-fonts]: Unknown language in `contributes.icon-fonts.language`. Provided value: blade
[2022-09-18 20:21:00.077] [renderer1] [error] [idleberg.icon-fonts]: Unknown language in `contributes.icon-fonts.language`. Provided value: blade
[2022-09-18 20:21:00.077] [renderer1] [error] [idleberg.icon-fonts]: Unknown language in `contributes.icon-fonts.language`. Provided value: blade
[2022-09-18 20:21:00.078] [renderer1] [error] [idleberg.icon-fonts]: Unknown language in `contributes.icon-fonts.language`. Provided value: blade
[2022-09-18 20:21:00.078] [renderer1] [error] [idleberg.icon-fonts]: Unknown language in `contributes.icon-fonts.language`. Provided value: blade
[2022-09-18 20:21:00.078] [renderer1] [error] [idleberg.icon-fonts]: Unknown language in `contributes.icon-fonts.language`. Provided value: blade
[2022-09-18 20:21:00.078] [renderer1] [error] [idleberg.icon-fonts]: Unknown language in `contributes.icon-fonts.language`. Provided value: blade
[2022-09-18 20:21:00.078] [renderer1] [error] [idleberg.icon-fonts]: Unknown language in `contributes.icon-fonts.language`. Provided value: blade
[2022-09-18 20:21:00.078] [renderer1] [error] [idleberg.icon-fonts]: Unknown language in `contributes.icon-fonts.language`. Provided value: blade
[2022-09-18 20:21:00.078] [renderer1] [error] [idleberg.icon-fonts]: Unknown language in `contributes.icon-fonts.language`. Provided value: vue-html
[2022-09-18 20:21:00.078] [renderer1] [error] [idleberg.icon-fonts]: Unknown language in `contributes.icon-fonts.language`. Provided value: vue-html
[2022-09-18 20:21:00.078] [renderer1] [error] [idleberg.icon-fonts]: Unknown language in `contributes.icon-fonts.language`. Provided value: vue-html
[2022-09-18 20:21:00.078] [renderer1] [error] [idleberg.icon-fonts]: Unknown language in `contributes.icon-fonts.language`. Provided value: vue-html
[2022-09-18 20:21:00.078] [renderer1] [error] [idleberg.icon-fonts]: Unknown language in `contributes.icon-fonts.language`. Provided value: vue-html
[2022-09-18 20:21:00.079] [renderer1] [error] [idleberg.icon-fonts]: Unknown language in `contributes.icon-fonts.language`. Provided value: vue-html
[2022-09-18 20:21:00.079] [renderer1] [error] [idleberg.icon-fonts]: Unknown language in `contributes.icon-fonts.language`. Provided value: vue-html
[2022-09-18 20:21:00.079] [renderer1] [error] [idleberg.icon-fonts]: Unknown language in `contributes.icon-fonts.language`. Provided value: vue-html
[2022-09-18 20:21:00.079] [renderer1] [error] [idleberg.icon-fonts]: Unknown language in `contributes.icon-fonts.language`. Provided value: vue-html
[2022-09-18 20:21:00.079] [renderer1] [error] [idleberg.icon-fonts]: Unknown language in `contributes.icon-fonts.language`. Provided value: vue-html
[2022-09-18 20:21:00.079] [renderer1] [error] [idleberg.icon-fonts]: Unknown language in `contributes.icon-fonts.language`. Provided value: vue-html
[2022-09-18 20:21:00.079] [renderer1] [error] [idleberg.icon-fonts]: Unknown language in `contributes.icon-fonts.language`. Provided value: vue-html
[2022-09-18 20:21:00.079] [renderer1] [error] [idleberg.icon-fonts]: Unknown language in `contributes.icon-fonts.language`. Provided value: vue-html
[2022-09-18 20:21:00.079] [renderer1] [error] [idleberg.icon-fonts]: Unknown language in `contributes.icon-fonts.language`. Provided value: vue-html
[2022-09-18 20:21:00.079] [renderer1] [error] [idleberg.icon-fonts]: Unknown language in `contributes.icon-fonts.language`. Provided value: vue-html
[2022-09-18 20:21:00.080] [renderer1] [error] [idleberg.icon-fonts]: Unknown language in `contributes.icon-fonts.language`. Provided value: vue-html
[2022-09-18 20:21:00.080] [renderer1] [error] [idleberg.icon-fonts]: Unknown language in `contributes.icon-fonts.language`. Provided value: vue-html
[2022-09-18 20:21:00.080] [renderer1] [error] [idleberg.icon-fonts]: Unknown language in `contributes.icon-fonts.language`. Provided value: vue-html
[2022-09-18 20:21:00.080] [renderer1] [error] [idleberg.icon-fonts]: Unknown language in `contributes.icon-fonts.language`. Provided value: vue-html
[2022-09-18 20:21:00.080] [renderer1] [error] [idleberg.icon-fonts]: Unknown language in `contributes.icon-fonts.language`. Provided value: vue-html
[2022-09-18 20:21:00.080] [renderer1] [error] [idleberg.icon-fonts]: Unknown language in `contributes.icon-fonts.language`. Provided value: vue-html
[2022-09-18 20:21:00.080] [renderer1] [error] [idleberg.icon-fonts]: Unknown language in `contributes.icon-fonts.language`. Provided value: vue-html
[2022-09-18 20:21:00.080] [renderer1] [error] [idleberg.icon-fonts]: Unknown language in `contributes.icon-fonts.language`. Provided value: vue-html
[2022-09-18 20:21:00.080] [renderer1] [error] [idleberg.icon-fonts]: Unknown language in `contributes.icon-fonts.language`. Provided value: vue-html
[2022-09-18 20:21:00.081] [renderer1] [error] [idleberg.icon-fonts]: Unknown language in `contributes.icon-fonts.language`. Provided value: vue-html
[2022-09-18 20:21:00.081] [renderer1] [error] [idleberg.icon-fonts]: Unknown language in `contributes.icon-fonts.language`. Provided value: vue-html
[2022-09-18 20:21:00.081] [renderer1] [error] [idleberg.icon-fonts]: Unknown language in `contributes.icon-fonts.language`. Provided value: vue-html
[2022-09-18 20:21:00.081] [renderer1] [error] [idleberg.icon-fonts]: Unknown language in `contributes.icon-fonts.language`. Provided value: svelte
[2022-09-18 20:21:00.081] [renderer1] [error] [idleberg.icon-fonts]: Unknown language in `contributes.icon-fonts.language`. Provided value: svelte
[2022-09-18 20:21:00.081] [renderer1] [error] [idleberg.icon-fonts]: Unknown language in `contributes.icon-fonts.language`. Provided value: svelte
[2022-09-18 20:21:00.081] [renderer1] [error] [idleberg.icon-fonts]: Unknown language in `contributes.icon-fonts.language`. Provided value: svelte
[2022-09-18 20:21:00.081] [renderer1] [error] [idleberg.icon-fonts]: Unknown language in `contributes.icon-fonts.language`. Provided value: svelte
[2022-09-18 20:21:00.081] [renderer1] [error] [idleberg.icon-fonts]: Unknown language in `contributes.icon-fonts.language`. Provided value: svelte
[2022-09-18 20:21:00.081] [renderer1] [error] [idleberg.icon-fonts]: Unknown language in `contributes.icon-fonts.language`. Provided value: svelte
[2022-09-18 20:21:00.082] [renderer1] [error] [idleberg.icon-fonts]: Unknown language in `contributes.icon-fonts.language`. Provided value: svelte
[2022-09-18 20:21:00.082] [renderer1] [error] [idleberg.icon-fonts]: Unknown language in `contributes.icon-fonts.language`. Provided value: svelte
[2022-09-18 20:21:00.082] [renderer1] [error] [idleberg.icon-fonts]: Unknown language in `contributes.icon-fonts.language`. Provided value: svelte
[2022-09-18 20:21:00.082] [renderer1] [error] [idleberg.icon-fonts]: Unknown language in `contributes.icon-fonts.language`. Provided value: svelte
[2022-09-18 20:21:00.082] [renderer1] [error] [idleberg.icon-fonts]: Unknown language in `contributes.icon-fonts.language`. Provided value: svelte
[2022-09-18 20:21:00.082] [renderer1] [error] [idleberg.icon-fonts]: Unknown language in `contributes.icon-fonts.language`. Provided value: svelte
[2022-09-18 20:21:00.082] [renderer1] [error] [idleberg.icon-fonts]: Unknown language in `contributes.icon-fonts.language`. Provided value: svelte
[2022-09-18 20:21:00.082] [renderer1] [error] [idleberg.icon-fonts]: Unknown language in `contributes.icon-fonts.language`. Provided value: svelte
[2022-09-18 20:21:00.082] [renderer1] [error] [idleberg.icon-fonts]: Unknown language in `contributes.icon-fonts.language`. Provided value: svelte
[2022-09-18 20:21:00.082] [renderer1] [error] [idleberg.icon-fonts]: Unknown language in `contributes.icon-fonts.language`. Provided value: svelte
[2022-09-18 20:21:00.083] [renderer1] [error] [idleberg.icon-fonts]: Unknown language in `contributes.icon-fonts.language`. Provided value: svelte
[2022-09-18 20:21:00.083] [renderer1] [error] [idleberg.icon-fonts]: Unknown language in `contributes.icon-fonts.language`. Provided value: svelte
[2022-09-18 20:21:00.083] [renderer1] [error] [idleberg.icon-fonts]: Unknown language in `contributes.icon-fonts.language`. Provided value: svelte
[2022-09-18 20:21:00.083] [renderer1] [error] [idleberg.icon-fonts]: Unknown language in `contributes.icon-fonts.language`. Provided value: svelte
[2022-09-18 20:21:00.083] [renderer1] [error] [idleberg.icon-fonts]: Unknown language in `contributes.icon-fonts.language`. Provided value: svelte
[2022-09-18 20:21:00.083] [renderer1] [error] [idleberg.icon-fonts]: Unknown language in `contributes.icon-fonts.language`. Provided value: svelte
[2022-09-18 20:21:00.083] [renderer1] [error] [idleberg.icon-fonts]: Unknown language in `contributes.icon-fonts.language`. Provided value: svelte
[2022-09-18 20:21:00.083] [renderer1] [error] [idleberg.icon-fonts]: Unknown language in `contributes.icon-fonts.language`. Provided value: svelte
[2022-09-18 20:21:00.083] [renderer1] [error] [idleberg.icon-fonts]: Unknown language in `contributes.icon-fonts.language`. Provided value: svelte
[2022-09-18 20:21:00.083] [renderer1] [error] [idleberg.icon-fonts]: Unknown language in `contributes.icon-fonts.language`. Provided value: svelte
[2022-09-18 20:21:00.837] [renderer1] [error] [Extension Host] (node:1057461) [DEP0005] DeprecationWarning: Buffer() is deprecated due to security and usability issues. Please use the Buffer.alloc(), Buffer.allocUnsafe(), or Buffer.from() methods instead.
(Use `code --trace-deprecation ...` to show where the warning was created)
[2022-09-18 20:21:10.491] [renderer1] [critical] Extension 'ms-vsliveshare.vsliveshare' wants API proposal 'notebookDocumentEvents' but that proposal DOES NOT EXIST. Likely, the proposal has been finalized (check 'vscode.d.ts') or was abandoned.
[2022-09-18 20:21:10.523] [renderer1] [warning] [twxs.cmake]: Cannot register 'cmake.cmakePath'. This property is already registered.
[2022-09-18 20:21:10.608] [renderer1] [error] [idleberg.icon-fonts]: Unknown language in `contributes.icon-fonts.language`. Provided value: blade
[2022-09-18 20:21:10.608] [renderer1] [error] [idleberg.icon-fonts]: Unknown language in `contributes.icon-fonts.language`. Provided value: blade
[2022-09-18 20:21:10.609] [renderer1] [error] [idleberg.icon-fonts]: Unknown language in `contributes.icon-fonts.language`. Provided value: blade
[2022-09-18 20:21:10.609] [renderer1] [error] [idleberg.icon-fonts]: Unknown language in `contributes.icon-fonts.language`. Provided value: blade
[2022-09-18 20:21:10.609] [renderer1] [error] [idleberg.icon-fonts]: Unknown language in `contributes.icon-fonts.language`. Provided value: blade
[2022-09-18 20:21:10.610] [renderer1] [error] [idleberg.icon-fonts]: Unknown language in `contributes.icon-fonts.language`. Provided value: blade
[2022-09-18 20:21:10.610] [renderer1] [error] [idleberg.icon-fonts]: Unknown language in `contributes.icon-fonts.language`. Provided value: blade
[2022-09-18 20:21:10.610] [renderer1] [error] [idleberg.icon-fonts]: Unknown language in `contributes.icon-fonts.language`. Provided value: blade
[2022-09-18 20:21:10.610] [renderer1] [error] [idleberg.icon-fonts]: Unknown language in `contributes.icon-fonts.language`. Provided value: blade
[2022-09-18 20:21:10.611] [renderer1] [error] [idleberg.icon-fonts]: Unknown language in `contributes.icon-fonts.language`. Provided value: blade
[2022-09-18 20:21:10.611] [renderer1] [error] [idleberg.icon-fonts]: Unknown language in `contributes.icon-fonts.language`. Provided value: blade
[2022-09-18 20:21:10.611] [renderer1] [error] [idleberg.icon-fonts]: Unknown language in `contributes.icon-fonts.language`. Provided value: blade
[2022-09-18 20:21:10.612] [renderer1] [error] [idleberg.icon-fonts]: Unknown language in `contributes.icon-fonts.language`. Provided value: blade
[2022-09-18 20:21:10.612] [renderer1] [error] [idleberg.icon-fonts]: Unknown language in `contributes.icon-fonts.language`. Provided value: blade
[2022-09-18 20:21:10.612] [renderer1] [error] [idleberg.icon-fonts]: Unknown language in `contributes.icon-fonts.language`. Provided value: blade
[2022-09-18 20:21:10.613] [renderer1] [error] [idleberg.icon-fonts]: Unknown language in `contributes.icon-fonts.language`. Provided value: blade
[2022-09-18 20:21:10.613] [renderer1] [error] [idleberg.icon-fonts]: Unknown language in `contributes.icon-fonts.language`. Provided value: blade
[2022-09-18 20:21:10.613] [renderer1] [error] [idleberg.icon-fonts]: Unknown language in `contributes.icon-fonts.language`. Provided value: blade
[2022-09-18 20:21:10.613] [renderer1] [error] [idleberg.icon-fonts]: Unknown language in `contributes.icon-fonts.language`. Provided value: blade
[2022-09-18 20:21:10.614] [renderer1] [error] [idleberg.icon-fonts]: Unknown language in `contributes.icon-fonts.language`. Provided value: blade
[2022-09-18 20:21:10.614] [renderer1] [error] [idleberg.icon-fonts]: Unknown language in `contributes.icon-fonts.language`. Provided value: blade
[2022-09-18 20:21:10.614] [renderer1] [error] [idleberg.icon-fonts]: Unknown language in `contributes.icon-fonts.language`. Provided value: blade
[2022-09-18 20:21:10.615] [renderer1] [error] [idleberg.icon-fonts]: Unknown language in `contributes.icon-fonts.language`. Provided value: blade
[2022-09-18 20:21:10.615] [renderer1] [error] [idleberg.icon-fonts]: Unknown language in `contributes.icon-fonts.language`. Provided value: blade
[2022-09-18 20:21:10.615] [renderer1] [error] [idleberg.icon-fonts]: Unknown language in `contributes.icon-fonts.language`. Provided value: blade
[2022-09-18 20:21:10.615] [renderer1] [error] [idleberg.icon-fonts]: Unknown language in `contributes.icon-fonts.language`. Provided value: blade
[2022-09-18 20:21:10.616] [renderer1] [error] [idleberg.icon-fonts]: Unknown language in `contributes.icon-fonts.language`. Provided value: blade
[2022-09-18 20:21:10.616] [renderer1] [error] [idleberg.icon-fonts]: Unknown language in `contributes.icon-fonts.language`. Provided value: vue-html
[2022-09-18 20:21:10.616] [renderer1] [error] [idleberg.icon-fonts]: Unknown language in `contributes.icon-fonts.language`. Provided value: vue-html
[2022-09-18 20:21:10.616] [renderer1] [error] [idleberg.icon-fonts]: Unknown language in `contributes.icon-fonts.language`. Provided value: vue-html
[2022-09-18 20:21:10.616] [renderer1] [error] [idleberg.icon-fonts]: Unknown language in `contributes.icon-fonts.language`. Provided value: vue-html
[2022-09-18 20:21:10.617] [renderer1] [error] [idleberg.icon-fonts]: Unknown language in `contributes.icon-fonts.language`. Provided value: vue-html
[2022-09-18 20:21:10.617] [renderer1] [error] [idleberg.icon-fonts]: Unknown language in `contributes.icon-fonts.language`. Provided value: vue-html
[2022-09-18 20:21:10.617] [renderer1] [error] [idleberg.icon-fonts]: Unknown language in `contributes.icon-fonts.language`. Provided value: vue-html
[2022-09-18 20:21:10.617] [renderer1] [error] [idleberg.icon-fonts]: Unknown language in `contributes.icon-fonts.language`. Provided value: vue-html
[2022-09-18 20:21:10.617] [renderer1] [error] [idleberg.icon-fonts]: Unknown language in `contributes.icon-fonts.language`. Provided value: vue-html
[2022-09-18 20:21:10.618] [renderer1] [error] [idleberg.icon-fonts]: Unknown language in `contributes.icon-fonts.language`. Provided value: vue-html
[2022-09-18 20:21:10.618] [renderer1] [error] [idleberg.icon-fonts]: Unknown language in `contributes.icon-fonts.language`. Provided value: vue-html
[2022-09-18 20:21:10.618] [renderer1] [error] [idleberg.icon-fonts]: Unknown language in `contributes.icon-fonts.language`. Provided value: vue-html
[2022-09-18 20:21:10.618] [renderer1] [error] [idleberg.icon-fonts]: Unknown language in `contributes.icon-fonts.language`. Provided value: vue-html
[2022-09-18 20:21:10.618] [renderer1] [error] [idleberg.icon-fonts]: Unknown language in `contributes.icon-fonts.language`. Provided value: vue-html
[2022-09-18 20:21:10.619] [renderer1] [error] [idleberg.icon-fonts]: Unknown language in `contributes.icon-fonts.language`. Provided value: vue-html
[2022-09-18 20:21:10.619] [renderer1] [error] [idleberg.icon-fonts]: Unknown language in `contributes.icon-fonts.language`. Provided value: vue-html
[2022-09-18 20:21:10.619] [renderer1] [error] [idleberg.icon-fonts]: Unknown language in `contributes.icon-fonts.language`. Provided value: vue-html
[2022-09-18 20:21:10.619] [renderer1] [error] [idleberg.icon-fonts]: Unknown language in `contributes.icon-fonts.language`. Provided value: vue-html
[2022-09-18 20:21:10.619] [renderer1] [error] [idleberg.icon-fonts]: Unknown language in `contributes.icon-fonts.language`. Provided value: vue-html
[2022-09-18 20:21:10.620] [renderer1] [error] [idleberg.icon-fonts]: Unknown language in `contributes.icon-fonts.language`. Provided value: vue-html
[2022-09-18 20:21:10.620] [renderer1] [error] [idleberg.icon-fonts]: Unknown language in `contributes.icon-fonts.language`. Provided value: vue-html
[2022-09-18 20:21:10.620] [renderer1] [error] [idleberg.icon-fonts]: Unknown language in `contributes.icon-fonts.language`. Provided value: vue-html
[2022-09-18 20:21:10.620] [renderer1] [error] [idleberg.icon-fonts]: Unknown language in `contributes.icon-fonts.language`. Provided value: vue-html
[2022-09-18 20:21:10.620] [renderer1] [error] [idleberg.icon-fonts]: Unknown language in `contributes.icon-fonts.language`. Provided value: vue-html
[2022-09-18 20:21:10.621] [renderer1] [error] [idleberg.icon-fonts]: Unknown language in `contributes.icon-fonts.language`. Provided value: vue-html
[2022-09-18 20:21:10.621] [renderer1] [error] [idleberg.icon-fonts]: Unknown language in `contributes.icon-fonts.language`. Provided value: vue-html
[2022-09-18 20:21:10.621] [renderer1] [error] [idleberg.icon-fonts]: Unknown language in `contributes.icon-fonts.language`. Provided value: vue-html
[2022-09-18 20:21:10.621] [renderer1] [error] [idleberg.icon-fonts]: Unknown language in `contributes.icon-fonts.language`. Provided value: svelte
[2022-09-18 20:21:10.621] [renderer1] [error] [idleberg.icon-fonts]: Unknown language in `contributes.icon-fonts.language`. Provided value: svelte
[2022-09-18 20:21:10.622] [renderer1] [error] [idleberg.icon-fonts]: Unknown language in `contributes.icon-fonts.language`. Provided value: svelte
[2022-09-18 20:21:10.622] [renderer1] [error] [idleberg.icon-fonts]: Unknown language in `contributes.icon-fonts.language`. Provided value: svelte
[2022-09-18 20:21:10.622] [renderer1] [error] [idleberg.icon-fonts]: Unknown language in `contributes.icon-fonts.language`. Provided value: svelte
[2022-09-18 20:21:10.622] [renderer1] [error] [idleberg.icon-fonts]: Unknown language in `contributes.icon-fonts.language`. Provided value: svelte
[2022-09-18 20:21:10.623] [renderer1] [error] [idleberg.icon-fonts]: Unknown language in `contributes.icon-fonts.language`. Provided value: svelte
[2022-09-18 20:21:10.623] [renderer1] [error] [idleberg.icon-fonts]: Unknown language in `contributes.icon-fonts.language`. Provided value: svelte
[2022-09-18 20:21:10.623] [renderer1] [error] [idleberg.icon-fonts]: Unknown language in `contributes.icon-fonts.language`. Provided value: svelte
[2022-09-18 20:21:10.623] [renderer1] [error] [idleberg.icon-fonts]: Unknown language in `contributes.icon-fonts.language`. Provided value: svelte
[2022-09-18 20:21:10.624] [renderer1] [error] [idleberg.icon-fonts]: Unknown language in `contributes.icon-fonts.language`. Provided value: svelte
[2022-09-18 20:21:10.624] [renderer1] [error] [idleberg.icon-fonts]: Unknown language in `contributes.icon-fonts.language`. Provided value: svelte
[2022-09-18 20:21:10.624] [renderer1] [error] [idleberg.icon-fonts]: Unknown language in `contributes.icon-fonts.language`. Provided value: svelte
[2022-09-18 20:21:10.624] [renderer1] [error] [idleberg.icon-fonts]: Unknown language in `contributes.icon-fonts.language`. Provided value: svelte
[2022-09-18 20:21:10.624] [renderer1] [error] [idleberg.icon-fonts]: Unknown language in `contributes.icon-fonts.language`. Provided value: svelte
[2022-09-18 20:21:10.625] [renderer1] [error] [idleberg.icon-fonts]: Unknown language in `contributes.icon-fonts.language`. Provided value: svelte
[2022-09-18 20:21:10.625] [renderer1] [error] [idleberg.icon-fonts]: Unknown language in `contributes.icon-fonts.language`. Provided value: svelte
[2022-09-18 20:21:10.625] [renderer1] [error] [idleberg.icon-fonts]: Unknown language in `contributes.icon-fonts.language`. Provided value: svelte
[2022-09-18 20:21:10.626] [renderer1] [error] [idleberg.icon-fonts]: Unknown language in `contributes.icon-fonts.language`. Provided value: svelte
[2022-09-18 20:21:10.626] [renderer1] [error] [idleberg.icon-fonts]: Unknown language in `contributes.icon-fonts.language`. Provided value: svelte
[2022-09-18 20:21:10.626] [renderer1] [error] [idleberg.icon-fonts]: Unknown language in `contributes.icon-fonts.language`. Provided value: svelte
[2022-09-18 20:21:10.626] [renderer1] [error] [idleberg.icon-fonts]: Unknown language in `contributes.icon-fonts.language`. Provided value: svelte
[2022-09-18 20:21:10.626] [renderer1] [error] [idleberg.icon-fonts]: Unknown language in `contributes.icon-fonts.language`. Provided value: svelte
[2022-09-18 20:21:10.627] [renderer1] [error] [idleberg.icon-fonts]: Unknown language in `contributes.icon-fonts.language`. Provided value: svelte
[2022-09-18 20:21:10.627] [renderer1] [error] [idleberg.icon-fonts]: Unknown language in `contributes.icon-fonts.language`. Provided value: svelte
[2022-09-18 20:21:10.627] [renderer1] [error] [idleberg.icon-fonts]: Unknown language in `contributes.icon-fonts.language`. Provided value: svelte
[2022-09-18 20:21:10.627] [renderer1] [error] [idleberg.icon-fonts]: Unknown language in `contributes.icon-fonts.language`. Provided value: svelte
[2022-09-18 20:21:11.566] [renderer1] [error] [Extension Host] (node:1057941) [DEP0005] DeprecationWarning: Buffer() is deprecated due to security and usability issues. Please use the Buffer.alloc(), Buffer.allocUnsafe(), or Buffer.from() methods instead.
(Use `code --trace-deprecation ...` to show where the warning was created)
[2022-09-18 20:21:25.508] [renderer1] [info] Settings Sync: Updated current session 24a2f037-2f60-43c6-a636-bbb7526865bc
