[2022-09-09 20:19:46.637] [renderer1] [critical] Extension 'ms-vsliveshare.vsliveshare' wants API proposal 'notebookDocumentEvents' but that proposal DOES NOT EXIST. Likely, the proposal has been finalized (check 'vscode.d.ts') or was abandoned.
[2022-09-09 20:19:47.291] [renderer1] [error] [idleberg.icon-fonts]: Unknown language in `contributes.icon-fonts.language`. Provided value: blade
[2022-09-09 20:19:47.291] [renderer1] [error] [idleberg.icon-fonts]: Unknown language in `contributes.icon-fonts.language`. Provided value: blade
[2022-09-09 20:19:47.291] [renderer1] [error] [idleberg.icon-fonts]: Unknown language in `contributes.icon-fonts.language`. Provided value: blade
[2022-09-09 20:19:47.291] [renderer1] [error] [idleberg.icon-fonts]: Unknown language in `contributes.icon-fonts.language`. Provided value: blade
[2022-09-09 20:19:47.292] [renderer1] [error] [idleberg.icon-fonts]: Unknown language in `contributes.icon-fonts.language`. Provided value: blade
[2022-09-09 20:19:47.292] [renderer1] [error] [idleberg.icon-fonts]: Unknown language in `contributes.icon-fonts.language`. Provided value: blade
[2022-09-09 20:19:47.292] [renderer1] [error] [idleberg.icon-fonts]: Unknown language in `contributes.icon-fonts.language`. Provided value: blade
[2022-09-09 20:19:47.292] [renderer1] [error] [idleberg.icon-fonts]: Unknown language in `contributes.icon-fonts.language`. Provided value: blade
[2022-09-09 20:19:47.292] [renderer1] [error] [idleberg.icon-fonts]: Unknown language in `contributes.icon-fonts.language`. Provided value: blade
[2022-09-09 20:19:47.293] [renderer1] [error] [idleberg.icon-fonts]: Unknown language in `contributes.icon-fonts.language`. Provided value: blade
[2022-09-09 20:19:47.293] [renderer1] [error] [idleberg.icon-fonts]: Unknown language in `contributes.icon-fonts.language`. Provided value: blade
[2022-09-09 20:19:47.293] [renderer1] [error] [idleberg.icon-fonts]: Unknown language in `contributes.icon-fonts.language`. Provided value: blade
[2022-09-09 20:19:47.293] [renderer1] [error] [idleberg.icon-fonts]: Unknown language in `contributes.icon-fonts.language`. Provided value: blade
[2022-09-09 20:19:47.293] [renderer1] [error] [idleberg.icon-fonts]: Unknown language in `contributes.icon-fonts.language`. Provided value: blade
[2022-09-09 20:19:47.294] [renderer1] [error] [idleberg.icon-fonts]: Unknown language in `contributes.icon-fonts.language`. Provided value: blade
[2022-09-09 20:19:47.294] [renderer1] [error] [idleberg.icon-fonts]: Unknown language in `contributes.icon-fonts.language`. Provided value: blade
[2022-09-09 20:19:47.294] [renderer1] [error] [idleberg.icon-fonts]: Unknown language in `contributes.icon-fonts.language`. Provided value: blade
[2022-09-09 20:19:47.294] [renderer1] [error] [idleberg.icon-fonts]: Unknown language in `contributes.icon-fonts.language`. Provided value: blade
[2022-09-09 20:19:47.294] [renderer1] [error] [idleberg.icon-fonts]: Unknown language in `contributes.icon-fonts.language`. Provided value: blade
[2022-09-09 20:19:47.294] [renderer1] [error] [idleberg.icon-fonts]: Unknown language in `contributes.icon-fonts.language`. Provided value: blade
[2022-09-09 20:19:47.295] [renderer1] [error] [idleberg.icon-fonts]: Unknown language in `contributes.icon-fonts.language`. Provided value: blade
[2022-09-09 20:19:47.295] [renderer1] [error] [idleberg.icon-fonts]: Unknown language in `contributes.icon-fonts.language`. Provided value: blade
[2022-09-09 20:19:47.295] [renderer1] [error] [idleberg.icon-fonts]: Unknown language in `contributes.icon-fonts.language`. Provided value: blade
[2022-09-09 20:19:47.295] [renderer1] [error] [idleberg.icon-fonts]: Unknown language in `contributes.icon-fonts.language`. Provided value: blade
[2022-09-09 20:19:47.295] [renderer1] [error] [idleberg.icon-fonts]: Unknown language in `contributes.icon-fonts.language`. Provided value: blade
[2022-09-09 20:19:47.295] [renderer1] [error] [idleberg.icon-fonts]: Unknown language in `contributes.icon-fonts.language`. Provided value: blade
[2022-09-09 20:19:47.296] [renderer1] [error] [idleberg.icon-fonts]: Unknown language in `contributes.icon-fonts.language`. Provided value: blade
[2022-09-09 20:19:47.296] [renderer1] [error] [idleberg.icon-fonts]: Unknown language in `contributes.icon-fonts.language`. Provided value: vue-html
[2022-09-09 20:19:47.296] [renderer1] [error] [idleberg.icon-fonts]: Unknown language in `contributes.icon-fonts.language`. Provided value: vue-html
[2022-09-09 20:19:47.296] [renderer1] [error] [idleberg.icon-fonts]: Unknown language in `contributes.icon-fonts.language`. Provided value: vue-html
[2022-09-09 20:19:47.296] [renderer1] [error] [idleberg.icon-fonts]: Unknown language in `contributes.icon-fonts.language`. Provided value: vue-html
[2022-09-09 20:19:47.296] [renderer1] [error] [idleberg.icon-fonts]: Unknown language in `contributes.icon-fonts.language`. Provided value: vue-html
[2022-09-09 20:19:47.297] [renderer1] [error] [idleberg.icon-fonts]: Unknown language in `contributes.icon-fonts.language`. Provided value: vue-html
[2022-09-09 20:19:47.297] [renderer1] [error] [idleberg.icon-fonts]: Unknown language in `contributes.icon-fonts.language`. Provided value: vue-html
[2022-09-09 20:19:47.297] [renderer1] [error] [idleberg.icon-fonts]: Unknown language in `contributes.icon-fonts.language`. Provided value: vue-html
[2022-09-09 20:19:47.297] [renderer1] [error] [idleberg.icon-fonts]: Unknown language in `contributes.icon-fonts.language`. Provided value: vue-html
[2022-09-09 20:19:47.297] [renderer1] [error] [idleberg.icon-fonts]: Unknown language in `contributes.icon-fonts.language`. Provided value: vue-html
[2022-09-09 20:19:47.297] [renderer1] [error] [idleberg.icon-fonts]: Unknown language in `contributes.icon-fonts.language`. Provided value: vue-html
[2022-09-09 20:19:47.298] [renderer1] [error] [idleberg.icon-fonts]: Unknown language in `contributes.icon-fonts.language`. Provided value: vue-html
[2022-09-09 20:19:47.298] [renderer1] [error] [idleberg.icon-fonts]: Unknown language in `contributes.icon-fonts.language`. Provided value: vue-html
[2022-09-09 20:19:47.298] [renderer1] [error] [idleberg.icon-fonts]: Unknown language in `contributes.icon-fonts.language`. Provided value: vue-html
[2022-09-09 20:19:47.298] [renderer1] [error] [idleberg.icon-fonts]: Unknown language in `contributes.icon-fonts.language`. Provided value: vue-html
[2022-09-09 20:19:47.298] [renderer1] [error] [idleberg.icon-fonts]: Unknown language in `contributes.icon-fonts.language`. Provided value: vue-html
[2022-09-09 20:19:47.299] [renderer1] [error] [idleberg.icon-fonts]: Unknown language in `contributes.icon-fonts.language`. Provided value: vue-html
[2022-09-09 20:19:47.299] [renderer1] [error] [idleberg.icon-fonts]: Unknown language in `contributes.icon-fonts.language`. Provided value: vue-html
[2022-09-09 20:19:47.299] [renderer1] [error] [idleberg.icon-fonts]: Unknown language in `contributes.icon-fonts.language`. Provided value: vue-html
[2022-09-09 20:19:47.299] [renderer1] [error] [idleberg.icon-fonts]: Unknown language in `contributes.icon-fonts.language`. Provided value: vue-html
[2022-09-09 20:19:47.300] [renderer1] [error] [idleberg.icon-fonts]: Unknown language in `contributes.icon-fonts.language`. Provided value: vue-html
[2022-09-09 20:19:47.300] [renderer1] [error] [idleberg.icon-fonts]: Unknown language in `contributes.icon-fonts.language`. Provided value: vue-html
[2022-09-09 20:19:47.300] [renderer1] [error] [idleberg.icon-fonts]: Unknown language in `contributes.icon-fonts.language`. Provided value: vue-html
[2022-09-09 20:19:47.300] [renderer1] [error] [idleberg.icon-fonts]: Unknown language in `contributes.icon-fonts.language`. Provided value: vue-html
[2022-09-09 20:19:47.300] [renderer1] [error] [idleberg.icon-fonts]: Unknown language in `contributes.icon-fonts.language`. Provided value: vue-html
[2022-09-09 20:19:47.300] [renderer1] [error] [idleberg.icon-fonts]: Unknown language in `contributes.icon-fonts.language`. Provided value: vue-html
[2022-09-09 20:19:47.301] [renderer1] [error] [idleberg.icon-fonts]: Unknown language in `contributes.icon-fonts.language`. Provided value: vue-html
[2022-09-09 20:19:47.301] [renderer1] [error] [idleberg.icon-fonts]: Unknown language in `contributes.icon-fonts.language`. Provided value: svelte
[2022-09-09 20:19:47.301] [renderer1] [error] [idleberg.icon-fonts]: Unknown language in `contributes.icon-fonts.language`. Provided value: svelte
[2022-09-09 20:19:47.301] [renderer1] [error] [idleberg.icon-fonts]: Unknown language in `contributes.icon-fonts.language`. Provided value: svelte
[2022-09-09 20:19:47.301] [renderer1] [error] [idleberg.icon-fonts]: Unknown language in `contributes.icon-fonts.language`. Provided value: svelte
[2022-09-09 20:19:47.302] [renderer1] [error] [idleberg.icon-fonts]: Unknown language in `contributes.icon-fonts.language`. Provided value: svelte
[2022-09-09 20:19:47.302] [renderer1] [error] [idleberg.icon-fonts]: Unknown language in `contributes.icon-fonts.language`. Provided value: svelte
[2022-09-09 20:19:47.302] [renderer1] [error] [idleberg.icon-fonts]: Unknown language in `contributes.icon-fonts.language`. Provided value: svelte
[2022-09-09 20:19:47.302] [renderer1] [error] [idleberg.icon-fonts]: Unknown language in `contributes.icon-fonts.language`. Provided value: svelte
[2022-09-09 20:19:47.303] [renderer1] [error] [idleberg.icon-fonts]: Unknown language in `contributes.icon-fonts.language`. Provided value: svelte
[2022-09-09 20:19:47.303] [renderer1] [error] [idleberg.icon-fonts]: Unknown language in `contributes.icon-fonts.language`. Provided value: svelte
[2022-09-09 20:19:47.303] [renderer1] [error] [idleberg.icon-fonts]: Unknown language in `contributes.icon-fonts.language`. Provided value: svelte
[2022-09-09 20:19:47.303] [renderer1] [error] [idleberg.icon-fonts]: Unknown language in `contributes.icon-fonts.language`. Provided value: svelte
[2022-09-09 20:19:47.304] [renderer1] [error] [idleberg.icon-fonts]: Unknown language in `contributes.icon-fonts.language`. Provided value: svelte
[2022-09-09 20:19:47.304] [renderer1] [error] [idleberg.icon-fonts]: Unknown language in `contributes.icon-fonts.language`. Provided value: svelte
[2022-09-09 20:19:47.304] [renderer1] [error] [idleberg.icon-fonts]: Unknown language in `contributes.icon-fonts.language`. Provided value: svelte
[2022-09-09 20:19:47.304] [renderer1] [error] [idleberg.icon-fonts]: Unknown language in `contributes.icon-fonts.language`. Provided value: svelte
[2022-09-09 20:19:47.304] [renderer1] [error] [idleberg.icon-fonts]: Unknown language in `contributes.icon-fonts.language`. Provided value: svelte
[2022-09-09 20:19:47.304] [renderer1] [error] [idleberg.icon-fonts]: Unknown language in `contributes.icon-fonts.language`. Provided value: svelte
[2022-09-09 20:19:47.305] [renderer1] [error] [idleberg.icon-fonts]: Unknown language in `contributes.icon-fonts.language`. Provided value: svelte
[2022-09-09 20:19:47.305] [renderer1] [error] [idleberg.icon-fonts]: Unknown language in `contributes.icon-fonts.language`. Provided value: svelte
[2022-09-09 20:19:47.305] [renderer1] [error] [idleberg.icon-fonts]: Unknown language in `contributes.icon-fonts.language`. Provided value: svelte
[2022-09-09 20:19:47.305] [renderer1] [error] [idleberg.icon-fonts]: Unknown language in `contributes.icon-fonts.language`. Provided value: svelte
[2022-09-09 20:19:47.305] [renderer1] [error] [idleberg.icon-fonts]: Unknown language in `contributes.icon-fonts.language`. Provided value: svelte
[2022-09-09 20:19:47.306] [renderer1] [error] [idleberg.icon-fonts]: Unknown language in `contributes.icon-fonts.language`. Provided value: svelte
[2022-09-09 20:19:47.306] [renderer1] [error] [idleberg.icon-fonts]: Unknown language in `contributes.icon-fonts.language`. Provided value: svelte
[2022-09-09 20:19:47.306] [renderer1] [error] [idleberg.icon-fonts]: Unknown language in `contributes.icon-fonts.language`. Provided value: svelte
[2022-09-09 20:19:47.306] [renderer1] [error] [idleberg.icon-fonts]: Unknown language in `contributes.icon-fonts.language`. Provided value: svelte
[2022-09-09 20:19:47.883] [renderer1] [error] [Extension Host] (node:38652) [DEP0005] DeprecationWarning: Buffer() is deprecated due to security and usability issues. Please use the Buffer.alloc(), Buffer.allocUnsafe(), or Buffer.from() methods instead.
(Use `code --trace-deprecation ...` to show where the warning was created)
[2022-09-09 20:19:51.992] [renderer1] [warning] [twxs.cmake]: Cannot register 'cmake.cmakePath'. This property is already registered.
[2022-09-09 20:19:52.465] [renderer1] [error] [idleberg.icon-fonts]: Unknown language in `contributes.icon-fonts.language`. Provided value: blade
[2022-09-09 20:19:52.466] [renderer1] [error] [idleberg.icon-fonts]: Unknown language in `contributes.icon-fonts.language`. Provided value: blade
[2022-09-09 20:19:52.466] [renderer1] [error] [idleberg.icon-fonts]: Unknown language in `contributes.icon-fonts.language`. Provided value: blade
[2022-09-09 20:19:52.466] [renderer1] [error] [idleberg.icon-fonts]: Unknown language in `contributes.icon-fonts.language`. Provided value: blade
[2022-09-09 20:19:52.466] [renderer1] [error] [idleberg.icon-fonts]: Unknown language in `contributes.icon-fonts.language`. Provided value: blade
[2022-09-09 20:19:52.466] [renderer1] [error] [idleberg.icon-fonts]: Unknown language in `contributes.icon-fonts.language`. Provided value: blade
[2022-09-09 20:19:52.467] [renderer1] [error] [idleberg.icon-fonts]: Unknown language in `contributes.icon-fonts.language`. Provided value: blade
[2022-09-09 20:19:52.467] [renderer1] [error] [idleberg.icon-fonts]: Unknown language in `contributes.icon-fonts.language`. Provided value: blade
[2022-09-09 20:19:52.467] [renderer1] [error] [idleberg.icon-fonts]: Unknown language in `contributes.icon-fonts.language`. Provided value: blade
[2022-09-09 20:19:52.467] [renderer1] [error] [idleberg.icon-fonts]: Unknown language in `contributes.icon-fonts.language`. Provided value: blade
[2022-09-09 20:19:52.467] [renderer1] [error] [idleberg.icon-fonts]: Unknown language in `contributes.icon-fonts.language`. Provided value: blade
[2022-09-09 20:19:52.467] [renderer1] [error] [idleberg.icon-fonts]: Unknown language in `contributes.icon-fonts.language`. Provided value: blade
[2022-09-09 20:19:52.467] [renderer1] [error] [idleberg.icon-fonts]: Unknown language in `contributes.icon-fonts.language`. Provided value: blade
[2022-09-09 20:19:52.468] [renderer1] [error] [idleberg.icon-fonts]: Unknown language in `contributes.icon-fonts.language`. Provided value: blade
[2022-09-09 20:19:52.468] [renderer1] [error] [idleberg.icon-fonts]: Unknown language in `contributes.icon-fonts.language`. Provided value: blade
[2022-09-09 20:19:52.468] [renderer1] [error] [idleberg.icon-fonts]: Unknown language in `contributes.icon-fonts.language`. Provided value: blade
[2022-09-09 20:19:52.468] [renderer1] [error] [idleberg.icon-fonts]: Unknown language in `contributes.icon-fonts.language`. Provided value: blade
[2022-09-09 20:19:52.468] [renderer1] [error] [idleberg.icon-fonts]: Unknown language in `contributes.icon-fonts.language`. Provided value: blade
[2022-09-09 20:19:52.468] [renderer1] [error] [idleberg.icon-fonts]: Unknown language in `contributes.icon-fonts.language`. Provided value: blade
[2022-09-09 20:19:52.468] [renderer1] [error] [idleberg.icon-fonts]: Unknown language in `contributes.icon-fonts.language`. Provided value: blade
[2022-09-09 20:19:52.469] [renderer1] [error] [idleberg.icon-fonts]: Unknown language in `contributes.icon-fonts.language`. Provided value: blade
[2022-09-09 20:19:52.469] [renderer1] [error] [idleberg.icon-fonts]: Unknown language in `contributes.icon-fonts.language`. Provided value: blade
[2022-09-09 20:19:52.469] [renderer1] [error] [idleberg.icon-fonts]: Unknown language in `contributes.icon-fonts.language`. Provided value: blade
[2022-09-09 20:19:52.469] [renderer1] [error] [idleberg.icon-fonts]: Unknown language in `contributes.icon-fonts.language`. Provided value: blade
[2022-09-09 20:19:52.469] [renderer1] [error] [idleberg.icon-fonts]: Unknown language in `contributes.icon-fonts.language`. Provided value: blade
[2022-09-09 20:19:52.469] [renderer1] [error] [idleberg.icon-fonts]: Unknown language in `contributes.icon-fonts.language`. Provided value: blade
[2022-09-09 20:19:52.470] [renderer1] [error] [idleberg.icon-fonts]: Unknown language in `contributes.icon-fonts.language`. Provided value: blade
[2022-09-09 20:19:52.470] [renderer1] [error] [idleberg.icon-fonts]: Unknown language in `contributes.icon-fonts.language`. Provided value: vue-html
[2022-09-09 20:19:52.470] [renderer1] [error] [idleberg.icon-fonts]: Unknown language in `contributes.icon-fonts.language`. Provided value: vue-html
[2022-09-09 20:19:52.470] [renderer1] [error] [idleberg.icon-fonts]: Unknown language in `contributes.icon-fonts.language`. Provided value: vue-html
[2022-09-09 20:19:52.470] [renderer1] [error] [idleberg.icon-fonts]: Unknown language in `contributes.icon-fonts.language`. Provided value: vue-html
[2022-09-09 20:19:52.470] [renderer1] [error] [idleberg.icon-fonts]: Unknown language in `contributes.icon-fonts.language`. Provided value: vue-html
[2022-09-09 20:19:52.470] [renderer1] [error] [idleberg.icon-fonts]: Unknown language in `contributes.icon-fonts.language`. Provided value: vue-html
[2022-09-09 20:19:52.471] [renderer1] [error] [idleberg.icon-fonts]: Unknown language in `contributes.icon-fonts.language`. Provided value: vue-html
[2022-09-09 20:19:52.471] [renderer1] [error] [idleberg.icon-fonts]: Unknown language in `contributes.icon-fonts.language`. Provided value: vue-html
[2022-09-09 20:19:52.471] [renderer1] [error] [idleberg.icon-fonts]: Unknown language in `contributes.icon-fonts.language`. Provided value: vue-html
[2022-09-09 20:19:52.471] [renderer1] [error] [idleberg.icon-fonts]: Unknown language in `contributes.icon-fonts.language`. Provided value: vue-html
[2022-09-09 20:19:52.471] [renderer1] [error] [idleberg.icon-fonts]: Unknown language in `contributes.icon-fonts.language`. Provided value: vue-html
[2022-09-09 20:19:52.471] [renderer1] [error] [idleberg.icon-fonts]: Unknown language in `contributes.icon-fonts.language`. Provided value: vue-html
[2022-09-09 20:19:52.471] [renderer1] [error] [idleberg.icon-fonts]: Unknown language in `contributes.icon-fonts.language`. Provided value: vue-html
[2022-09-09 20:19:52.472] [renderer1] [error] [idleberg.icon-fonts]: Unknown language in `contributes.icon-fonts.language`. Provided value: vue-html
[2022-09-09 20:19:52.472] [renderer1] [error] [idleberg.icon-fonts]: Unknown language in `contributes.icon-fonts.language`. Provided value: vue-html
[2022-09-09 20:19:52.472] [renderer1] [error] [idleberg.icon-fonts]: Unknown language in `contributes.icon-fonts.language`. Provided value: vue-html
[2022-09-09 20:19:52.472] [renderer1] [error] [idleberg.icon-fonts]: Unknown language in `contributes.icon-fonts.language`. Provided value: vue-html
[2022-09-09 20:19:52.472] [renderer1] [error] [idleberg.icon-fonts]: Unknown language in `contributes.icon-fonts.language`. Provided value: vue-html
[2022-09-09 20:19:52.473] [renderer1] [error] [idleberg.icon-fonts]: Unknown language in `contributes.icon-fonts.language`. Provided value: vue-html
[2022-09-09 20:19:52.473] [renderer1] [error] [idleberg.icon-fonts]: Unknown language in `contributes.icon-fonts.language`. Provided value: vue-html
[2022-09-09 20:19:52.473] [renderer1] [error] [idleberg.icon-fonts]: Unknown language in `contributes.icon-fonts.language`. Provided value: vue-html
[2022-09-09 20:19:52.473] [renderer1] [error] [idleberg.icon-fonts]: Unknown language in `contributes.icon-fonts.language`. Provided value: vue-html
[2022-09-09 20:19:52.473] [renderer1] [error] [idleberg.icon-fonts]: Unknown language in `contributes.icon-fonts.language`. Provided value: vue-html
[2022-09-09 20:19:52.473] [renderer1] [error] [idleberg.icon-fonts]: Unknown language in `contributes.icon-fonts.language`. Provided value: vue-html
[2022-09-09 20:19:52.473] [renderer1] [error] [idleberg.icon-fonts]: Unknown language in `contributes.icon-fonts.language`. Provided value: vue-html
[2022-09-09 20:19:52.473] [renderer1] [error] [idleberg.icon-fonts]: Unknown language in `contributes.icon-fonts.language`. Provided value: vue-html
[2022-09-09 20:19:52.474] [renderer1] [error] [idleberg.icon-fonts]: Unknown language in `contributes.icon-fonts.language`. Provided value: vue-html
[2022-09-09 20:19:52.474] [renderer1] [error] [idleberg.icon-fonts]: Unknown language in `contributes.icon-fonts.language`. Provided value: svelte
[2022-09-09 20:19:52.474] [renderer1] [error] [idleberg.icon-fonts]: Unknown language in `contributes.icon-fonts.language`. Provided value: svelte
[2022-09-09 20:19:52.474] [renderer1] [error] [idleberg.icon-fonts]: Unknown language in `contributes.icon-fonts.language`. Provided value: svelte
[2022-09-09 20:19:52.474] [renderer1] [error] [idleberg.icon-fonts]: Unknown language in `contributes.icon-fonts.language`. Provided value: svelte
[2022-09-09 20:19:52.474] [renderer1] [error] [idleberg.icon-fonts]: Unknown language in `contributes.icon-fonts.language`. Provided value: svelte
[2022-09-09 20:19:52.474] [renderer1] [error] [idleberg.icon-fonts]: Unknown language in `contributes.icon-fonts.language`. Provided value: svelte
[2022-09-09 20:19:52.475] [renderer1] [error] [idleberg.icon-fonts]: Unknown language in `contributes.icon-fonts.language`. Provided value: svelte
[2022-09-09 20:19:52.475] [renderer1] [error] [idleberg.icon-fonts]: Unknown language in `contributes.icon-fonts.language`. Provided value: svelte
[2022-09-09 20:19:52.475] [renderer1] [error] [idleberg.icon-fonts]: Unknown language in `contributes.icon-fonts.language`. Provided value: svelte
[2022-09-09 20:19:52.475] [renderer1] [error] [idleberg.icon-fonts]: Unknown language in `contributes.icon-fonts.language`. Provided value: svelte
[2022-09-09 20:19:52.475] [renderer1] [error] [idleberg.icon-fonts]: Unknown language in `contributes.icon-fonts.language`. Provided value: svelte
[2022-09-09 20:19:52.475] [renderer1] [error] [idleberg.icon-fonts]: Unknown language in `contributes.icon-fonts.language`. Provided value: svelte
[2022-09-09 20:19:52.475] [renderer1] [error] [idleberg.icon-fonts]: Unknown language in `contributes.icon-fonts.language`. Provided value: svelte
[2022-09-09 20:19:52.475] [renderer1] [error] [idleberg.icon-fonts]: Unknown language in `contributes.icon-fonts.language`. Provided value: svelte
[2022-09-09 20:19:52.476] [renderer1] [error] [idleberg.icon-fonts]: Unknown language in `contributes.icon-fonts.language`. Provided value: svelte
[2022-09-09 20:19:52.476] [renderer1] [error] [idleberg.icon-fonts]: Unknown language in `contributes.icon-fonts.language`. Provided value: svelte
[2022-09-09 20:19:52.476] [renderer1] [error] [idleberg.icon-fonts]: Unknown language in `contributes.icon-fonts.language`. Provided value: svelte
[2022-09-09 20:19:52.476] [renderer1] [error] [idleberg.icon-fonts]: Unknown language in `contributes.icon-fonts.language`. Provided value: svelte
[2022-09-09 20:19:52.476] [renderer1] [error] [idleberg.icon-fonts]: Unknown language in `contributes.icon-fonts.language`. Provided value: svelte
[2022-09-09 20:19:52.476] [renderer1] [error] [idleberg.icon-fonts]: Unknown language in `contributes.icon-fonts.language`. Provided value: svelte
[2022-09-09 20:19:52.476] [renderer1] [error] [idleberg.icon-fonts]: Unknown language in `contributes.icon-fonts.language`. Provided value: svelte
[2022-09-09 20:19:52.477] [renderer1] [error] [idleberg.icon-fonts]: Unknown language in `contributes.icon-fonts.language`. Provided value: svelte
[2022-09-09 20:19:52.477] [renderer1] [error] [idleberg.icon-fonts]: Unknown language in `contributes.icon-fonts.language`. Provided value: svelte
[2022-09-09 20:19:52.477] [renderer1] [error] [idleberg.icon-fonts]: Unknown language in `contributes.icon-fonts.language`. Provided value: svelte
[2022-09-09 20:19:52.477] [renderer1] [error] [idleberg.icon-fonts]: Unknown language in `contributes.icon-fonts.language`. Provided value: svelte
[2022-09-09 20:19:52.477] [renderer1] [error] [idleberg.icon-fonts]: Unknown language in `contributes.icon-fonts.language`. Provided value: svelte
[2022-09-09 20:19:52.477] [renderer1] [error] [idleberg.icon-fonts]: Unknown language in `contributes.icon-fonts.language`. Provided value: svelte
