[2022-09-06 22:46:45.116] [renderer1] [critical] Extension 'ms-vsliveshare.vsliveshare' wants API proposal 'notebookDocumentEvents' but that proposal DOES NOT EXIST. Likely, the proposal has been finalized (check 'vscode.d.ts') or was abandoned.
[2022-09-06 22:46:45.716] [renderer1] [error] [idleberg.icon-fonts]: Unknown language in `contributes.icon-fonts.language`. Provided value: blade
[2022-09-06 22:46:45.716] [renderer1] [error] [idleberg.icon-fonts]: Unknown language in `contributes.icon-fonts.language`. Provided value: blade
[2022-09-06 22:46:45.717] [renderer1] [error] [idleberg.icon-fonts]: Unknown language in `contributes.icon-fonts.language`. Provided value: blade
[2022-09-06 22:46:45.717] [renderer1] [error] [idleberg.icon-fonts]: Unknown language in `contributes.icon-fonts.language`. Provided value: blade
[2022-09-06 22:46:45.717] [renderer1] [error] [idleberg.icon-fonts]: Unknown language in `contributes.icon-fonts.language`. Provided value: blade
[2022-09-06 22:46:45.717] [renderer1] [error] [idleberg.icon-fonts]: Unknown language in `contributes.icon-fonts.language`. Provided value: blade
[2022-09-06 22:46:45.717] [renderer1] [error] [idleberg.icon-fonts]: Unknown language in `contributes.icon-fonts.language`. Provided value: blade
[2022-09-06 22:46:45.718] [renderer1] [error] [idleberg.icon-fonts]: Unknown language in `contributes.icon-fonts.language`. Provided value: blade
[2022-09-06 22:46:45.718] [renderer1] [error] [idleberg.icon-fonts]: Unknown language in `contributes.icon-fonts.language`. Provided value: blade
[2022-09-06 22:46:45.718] [renderer1] [error] [idleberg.icon-fonts]: Unknown language in `contributes.icon-fonts.language`. Provided value: blade
[2022-09-06 22:46:45.718] [renderer1] [error] [idleberg.icon-fonts]: Unknown language in `contributes.icon-fonts.language`. Provided value: blade
[2022-09-06 22:46:45.718] [renderer1] [error] [idleberg.icon-fonts]: Unknown language in `contributes.icon-fonts.language`. Provided value: blade
[2022-09-06 22:46:45.718] [renderer1] [error] [idleberg.icon-fonts]: Unknown language in `contributes.icon-fonts.language`. Provided value: blade
[2022-09-06 22:46:45.718] [renderer1] [error] [idleberg.icon-fonts]: Unknown language in `contributes.icon-fonts.language`. Provided value: blade
[2022-09-06 22:46:45.719] [renderer1] [error] [idleberg.icon-fonts]: Unknown language in `contributes.icon-fonts.language`. Provided value: blade
[2022-09-06 22:46:45.719] [renderer1] [error] [idleberg.icon-fonts]: Unknown language in `contributes.icon-fonts.language`. Provided value: blade
[2022-09-06 22:46:45.719] [renderer1] [error] [idleberg.icon-fonts]: Unknown language in `contributes.icon-fonts.language`. Provided value: blade
[2022-09-06 22:46:45.719] [renderer1] [error] [idleberg.icon-fonts]: Unknown language in `contributes.icon-fonts.language`. Provided value: blade
[2022-09-06 22:46:45.719] [renderer1] [error] [idleberg.icon-fonts]: Unknown language in `contributes.icon-fonts.language`. Provided value: blade
[2022-09-06 22:46:45.719] [renderer1] [error] [idleberg.icon-fonts]: Unknown language in `contributes.icon-fonts.language`. Provided value: blade
[2022-09-06 22:46:45.719] [renderer1] [error] [idleberg.icon-fonts]: Unknown language in `contributes.icon-fonts.language`. Provided value: blade
[2022-09-06 22:46:45.719] [renderer1] [error] [idleberg.icon-fonts]: Unknown language in `contributes.icon-fonts.language`. Provided value: blade
[2022-09-06 22:46:45.720] [renderer1] [error] [idleberg.icon-fonts]: Unknown language in `contributes.icon-fonts.language`. Provided value: blade
[2022-09-06 22:46:45.720] [renderer1] [error] [idleberg.icon-fonts]: Unknown language in `contributes.icon-fonts.language`. Provided value: blade
[2022-09-06 22:46:45.720] [renderer1] [error] [idleberg.icon-fonts]: Unknown language in `contributes.icon-fonts.language`. Provided value: blade
[2022-09-06 22:46:45.720] [renderer1] [error] [idleberg.icon-fonts]: Unknown language in `contributes.icon-fonts.language`. Provided value: blade
[2022-09-06 22:46:45.720] [renderer1] [error] [idleberg.icon-fonts]: Unknown language in `contributes.icon-fonts.language`. Provided value: blade
[2022-09-06 22:46:45.720] [renderer1] [error] [idleberg.icon-fonts]: Unknown language in `contributes.icon-fonts.language`. Provided value: vue-html
[2022-09-06 22:46:45.720] [renderer1] [error] [idleberg.icon-fonts]: Unknown language in `contributes.icon-fonts.language`. Provided value: vue-html
[2022-09-06 22:46:45.720] [renderer1] [error] [idleberg.icon-fonts]: Unknown language in `contributes.icon-fonts.language`. Provided value: vue-html
[2022-09-06 22:46:45.720] [renderer1] [error] [idleberg.icon-fonts]: Unknown language in `contributes.icon-fonts.language`. Provided value: vue-html
[2022-09-06 22:46:45.721] [renderer1] [error] [idleberg.icon-fonts]: Unknown language in `contributes.icon-fonts.language`. Provided value: vue-html
[2022-09-06 22:46:45.721] [renderer1] [error] [idleberg.icon-fonts]: Unknown language in `contributes.icon-fonts.language`. Provided value: vue-html
[2022-09-06 22:46:45.721] [renderer1] [error] [idleberg.icon-fonts]: Unknown language in `contributes.icon-fonts.language`. Provided value: vue-html
[2022-09-06 22:46:45.721] [renderer1] [error] [idleberg.icon-fonts]: Unknown language in `contributes.icon-fonts.language`. Provided value: vue-html
[2022-09-06 22:46:45.721] [renderer1] [error] [idleberg.icon-fonts]: Unknown language in `contributes.icon-fonts.language`. Provided value: vue-html
[2022-09-06 22:46:45.721] [renderer1] [error] [idleberg.icon-fonts]: Unknown language in `contributes.icon-fonts.language`. Provided value: vue-html
[2022-09-06 22:46:45.721] [renderer1] [error] [idleberg.icon-fonts]: Unknown language in `contributes.icon-fonts.language`. Provided value: vue-html
[2022-09-06 22:46:45.721] [renderer1] [error] [idleberg.icon-fonts]: Unknown language in `contributes.icon-fonts.language`. Provided value: vue-html
[2022-09-06 22:46:45.722] [renderer1] [error] [idleberg.icon-fonts]: Unknown language in `contributes.icon-fonts.language`. Provided value: vue-html
[2022-09-06 22:46:45.722] [renderer1] [error] [idleberg.icon-fonts]: Unknown language in `contributes.icon-fonts.language`. Provided value: vue-html
[2022-09-06 22:46:45.722] [renderer1] [error] [idleberg.icon-fonts]: Unknown language in `contributes.icon-fonts.language`. Provided value: vue-html
[2022-09-06 22:46:45.722] [renderer1] [error] [idleberg.icon-fonts]: Unknown language in `contributes.icon-fonts.language`. Provided value: vue-html
[2022-09-06 22:46:45.722] [renderer1] [error] [idleberg.icon-fonts]: Unknown language in `contributes.icon-fonts.language`. Provided value: vue-html
[2022-09-06 22:46:45.723] [renderer1] [error] [idleberg.icon-fonts]: Unknown language in `contributes.icon-fonts.language`. Provided value: vue-html
[2022-09-06 22:46:45.723] [renderer1] [error] [idleberg.icon-fonts]: Unknown language in `contributes.icon-fonts.language`. Provided value: vue-html
[2022-09-06 22:46:45.723] [renderer1] [error] [idleberg.icon-fonts]: Unknown language in `contributes.icon-fonts.language`. Provided value: vue-html
[2022-09-06 22:46:45.723] [renderer1] [error] [idleberg.icon-fonts]: Unknown language in `contributes.icon-fonts.language`. Provided value: vue-html
[2022-09-06 22:46:45.723] [renderer1] [error] [idleberg.icon-fonts]: Unknown language in `contributes.icon-fonts.language`. Provided value: vue-html
[2022-09-06 22:46:45.723] [renderer1] [error] [idleberg.icon-fonts]: Unknown language in `contributes.icon-fonts.language`. Provided value: vue-html
[2022-09-06 22:46:45.724] [renderer1] [error] [idleberg.icon-fonts]: Unknown language in `contributes.icon-fonts.language`. Provided value: vue-html
[2022-09-06 22:46:45.724] [renderer1] [error] [idleberg.icon-fonts]: Unknown language in `contributes.icon-fonts.language`. Provided value: vue-html
[2022-09-06 22:46:45.724] [renderer1] [error] [idleberg.icon-fonts]: Unknown language in `contributes.icon-fonts.language`. Provided value: vue-html
[2022-09-06 22:46:45.724] [renderer1] [error] [idleberg.icon-fonts]: Unknown language in `contributes.icon-fonts.language`. Provided value: vue-html
[2022-09-06 22:46:45.724] [renderer1] [error] [idleberg.icon-fonts]: Unknown language in `contributes.icon-fonts.language`. Provided value: svelte
[2022-09-06 22:46:45.724] [renderer1] [error] [idleberg.icon-fonts]: Unknown language in `contributes.icon-fonts.language`. Provided value: svelte
[2022-09-06 22:46:45.724] [renderer1] [error] [idleberg.icon-fonts]: Unknown language in `contributes.icon-fonts.language`. Provided value: svelte
[2022-09-06 22:46:45.724] [renderer1] [error] [idleberg.icon-fonts]: Unknown language in `contributes.icon-fonts.language`. Provided value: svelte
[2022-09-06 22:46:45.725] [renderer1] [error] [idleberg.icon-fonts]: Unknown language in `contributes.icon-fonts.language`. Provided value: svelte
[2022-09-06 22:46:45.725] [renderer1] [error] [idleberg.icon-fonts]: Unknown language in `contributes.icon-fonts.language`. Provided value: svelte
[2022-09-06 22:46:45.725] [renderer1] [error] [idleberg.icon-fonts]: Unknown language in `contributes.icon-fonts.language`. Provided value: svelte
[2022-09-06 22:46:45.725] [renderer1] [error] [idleberg.icon-fonts]: Unknown language in `contributes.icon-fonts.language`. Provided value: svelte
[2022-09-06 22:46:45.725] [renderer1] [error] [idleberg.icon-fonts]: Unknown language in `contributes.icon-fonts.language`. Provided value: svelte
[2022-09-06 22:46:45.725] [renderer1] [error] [idleberg.icon-fonts]: Unknown language in `contributes.icon-fonts.language`. Provided value: svelte
[2022-09-06 22:46:45.725] [renderer1] [error] [idleberg.icon-fonts]: Unknown language in `contributes.icon-fonts.language`. Provided value: svelte
[2022-09-06 22:46:45.726] [renderer1] [error] [idleberg.icon-fonts]: Unknown language in `contributes.icon-fonts.language`. Provided value: svelte
[2022-09-06 22:46:45.726] [renderer1] [error] [idleberg.icon-fonts]: Unknown language in `contributes.icon-fonts.language`. Provided value: svelte
[2022-09-06 22:46:45.726] [renderer1] [error] [idleberg.icon-fonts]: Unknown language in `contributes.icon-fonts.language`. Provided value: svelte
[2022-09-06 22:46:45.726] [renderer1] [error] [idleberg.icon-fonts]: Unknown language in `contributes.icon-fonts.language`. Provided value: svelte
[2022-09-06 22:46:45.726] [renderer1] [error] [idleberg.icon-fonts]: Unknown language in `contributes.icon-fonts.language`. Provided value: svelte
[2022-09-06 22:46:45.726] [renderer1] [error] [idleberg.icon-fonts]: Unknown language in `contributes.icon-fonts.language`. Provided value: svelte
[2022-09-06 22:46:45.726] [renderer1] [error] [idleberg.icon-fonts]: Unknown language in `contributes.icon-fonts.language`. Provided value: svelte
[2022-09-06 22:46:45.726] [renderer1] [error] [idleberg.icon-fonts]: Unknown language in `contributes.icon-fonts.language`. Provided value: svelte
[2022-09-06 22:46:45.727] [renderer1] [error] [idleberg.icon-fonts]: Unknown language in `contributes.icon-fonts.language`. Provided value: svelte
[2022-09-06 22:46:45.727] [renderer1] [error] [idleberg.icon-fonts]: Unknown language in `contributes.icon-fonts.language`. Provided value: svelte
[2022-09-06 22:46:45.727] [renderer1] [error] [idleberg.icon-fonts]: Unknown language in `contributes.icon-fonts.language`. Provided value: svelte
[2022-09-06 22:46:45.727] [renderer1] [error] [idleberg.icon-fonts]: Unknown language in `contributes.icon-fonts.language`. Provided value: svelte
[2022-09-06 22:46:45.727] [renderer1] [error] [idleberg.icon-fonts]: Unknown language in `contributes.icon-fonts.language`. Provided value: svelte
[2022-09-06 22:46:45.727] [renderer1] [error] [idleberg.icon-fonts]: Unknown language in `contributes.icon-fonts.language`. Provided value: svelte
[2022-09-06 22:46:45.727] [renderer1] [error] [idleberg.icon-fonts]: Unknown language in `contributes.icon-fonts.language`. Provided value: svelte
[2022-09-06 22:46:45.728] [renderer1] [error] [idleberg.icon-fonts]: Unknown language in `contributes.icon-fonts.language`. Provided value: svelte
[2022-09-06 22:46:46.229] [renderer1] [error] [Extension Host] (node:340973) [DEP0005] DeprecationWarning: Buffer() is deprecated due to security and usability issues. Please use the Buffer.alloc(), Buffer.allocUnsafe(), or Buffer.from() methods instead.
(Use `code --trace-deprecation ...` to show where the warning was created)
