[Info  - 01:21:11.619] Reading sessions from secret storage...
[Info  - 01:21:11.804] Got 0 stored sessions
[Info  - 01:21:11.810] Getting sessions for the following scopes: email offline_access openid profile
[Trace  - 01:21:11.810] No session found with idtoken scopes... Using fallback scope list of: email offline_access openid profile
[Info  - 01:21:11.810] Got 0 sessions for scopes: email offline_access openid profile
[Info  - 01:21:14.28] Getting sessions for all scopes...
[Info  - 01:21:14.28] Got 0 sessions for all scopes...
[Info  - 01:21:15.155] Getting sessions for the following scopes: email offline_access openid profile
[Trace  - 01:21:15.155] No session found with idtoken scopes... Using fallback scope list of: email offline_access openid profile
[Info  - 01:21:15.155] Got 0 sessions for scopes: email offline_access openid profile
[Info  - 01:21:25.509] Getting sessions for the following scopes: email offline_access openid profile
[Trace  - 01:21:25.509] No session found with idtoken scopes... Using fallback scope list of: email offline_access openid profile
[Info  - 01:21:25.509] Got 0 sessions for scopes: email offline_access openid profile
[Info  - 01:21:25.509] Getting sessions for the following scopes: email offline_access openid profile
[Trace  - 01:21:25.509] No session found with idtoken scopes... Using fallback scope list of: email offline_access openid profile
[Info  - 01:21:25.509] Got 0 sessions for scopes: email offline_access openid profile
[Info  - 01:21:29.540] Getting sessions for all scopes...
[Info  - 01:21:29.540] Got 0 sessions for all scopes...
[Info  - 01:21:31.688] Getting sessions for all scopes...
[Info  - 01:21:31.689] Got 0 sessions for all scopes...
