[Info  - 01:21:11.916] Reading sessions from keychain...
[Info  - 01:21:11.949] Getting sessions for user:email...
[Info  - 01:21:11.949] Getting sessions for all scopes...
[Info  - 01:21:11.949] Got 0 sessions for user:email...
[Info  - 01:21:11.949] Got 0 sessions for ...
[Info  - 01:21:14.28] Getting sessions for all scopes...
[Info  - 01:21:14.28] Got 0 sessions for ...
[Info  - 01:21:14.96] Getting sessions for read:user...
[Info  - 01:21:14.96] Got 0 sessions for read:user...
[Info  - 01:21:15.158] Getting sessions for user:email...
[Info  - 01:21:15.158] Got 0 sessions for user:email...
[Info  - 01:21:16.775] Logging in for the following scopes: user:email
[Info  - 01:21:16.787] Trying without local server... (user:email)
[Trace  - 01:21:19.596] Handling Uri...
[Info  - 01:21:19.597] Exchanging code for token...
[Info  - 01:21:21.45] Token exchange success!
[Info  - 01:21:21.45] Getting user info...
[Info  - 01:21:21.496] Got account info!
[Info  - 01:21:21.496] Storing 1 sessions...
[Info  - 01:21:25.506] Reading sessions from keychain...
[Info  - 01:21:25.507] Stored 1 sessions!
[Info  - 01:21:25.507] Login success!
[Info  - 01:21:25.510] Getting sessions for user:email...
[Info  - 01:21:25.510] Getting sessions for user:email...
[Trace  - 01:21:25.510] Token acquired from secret storage.
[Info  - 01:21:25.510] Got stored sessions!
[Trace  - 01:21:25.511] Read the following session from the keychain with the following scopes: user:email
[Info  - 01:21:25.511] Got 1 verified sessions.
[Info  - 01:21:25.511] Got 1 sessions for user:email...
[Info  - 01:21:25.511] Got 1 sessions for user:email...
[Info  - 01:21:29.540] Getting sessions for all scopes...
[Info  - 01:21:29.540] Got 1 sessions for ...
[Info  - 01:21:31.689] Getting sessions for all scopes...
[Info  - 01:21:31.689] Got 1 sessions for ...
