[Info  - 18:13:28.718] Reading sessions from keychain...
[Info  - 18:13:28.723] Getting sessions for user:email...
[Info  - 18:13:28.783] Getting sessions for all scopes...
[Info  - 18:13:28.783] Got 0 sessions for user:email...
[Info  - 18:13:28.783] Got 0 sessions for ...
[Info  - 18:13:31.211] Getting sessions for read:user...
[Info  - 18:13:31.212] Got 0 sessions for read:user...
[Info  - 18:13:34.145] Getting sessions for read:user...
[Info  - 18:13:34.145] Got 0 sessions for read:user...
[Info  - 18:13:35.336] Logging in for the following scopes: read:user
[Info  - 18:13:35.347] Trying without local server... (read:user)
[Trace  - 18:13:42.101] Handling Uri...
[Info  - 18:13:42.101] Exchanging code for token...
[Info  - 18:13:43.524] Token exchange success!
[Info  - 18:13:43.524] Getting user info...
[Info  - 18:13:44.3] Got account info!
[Info  - 18:13:44.3] Storing 1 sessions...
[Error  - 18:13:53.27] Setting token failed: Error: Object does not exist at path “/org/freedesktop/secrets/collection/login”
[Info  - 18:13:53.27] Stored 1 sessions!
[Info  - 18:13:53.27] Login success!
[Info  - 18:13:53.40] Getting sessions for user:email...
[Info  - 18:13:53.40] Got 0 sessions for user:email...
