[2022-09-15 13:27:10.974] [renderer1] [critical] Extension 'ms-vsliveshare.vsliveshare' wants API proposal 'notebookDocumentEvents' but that proposal DOES NOT EXIST. Likely, the proposal has been finalized (check 'vscode.d.ts') or was abandoned.
[2022-09-15 13:27:11.507] [renderer1] [error] [idleberg.icon-fonts]: Unknown language in `contributes.icon-fonts.language`. Provided value: blade
[2022-09-15 13:27:11.507] [renderer1] [error] [idleberg.icon-fonts]: Unknown language in `contributes.icon-fonts.language`. Provided value: blade
[2022-09-15 13:27:11.508] [renderer1] [error] [idleberg.icon-fonts]: Unknown language in `contributes.icon-fonts.language`. Provided value: blade
[2022-09-15 13:27:11.508] [renderer1] [error] [idleberg.icon-fonts]: Unknown language in `contributes.icon-fonts.language`. Provided value: blade
[2022-09-15 13:27:11.508] [renderer1] [error] [idleberg.icon-fonts]: Unknown language in `contributes.icon-fonts.language`. Provided value: blade
[2022-09-15 13:27:11.508] [renderer1] [error] [idleberg.icon-fonts]: Unknown language in `contributes.icon-fonts.language`. Provided value: blade
[2022-09-15 13:27:11.508] [renderer1] [error] [idleberg.icon-fonts]: Unknown language in `contributes.icon-fonts.language`. Provided value: blade
[2022-09-15 13:27:11.508] [renderer1] [error] [idleberg.icon-fonts]: Unknown language in `contributes.icon-fonts.language`. Provided value: blade
[2022-09-15 13:27:11.509] [renderer1] [error] [idleberg.icon-fonts]: Unknown language in `contributes.icon-fonts.language`. Provided value: blade
[2022-09-15 13:27:11.509] [renderer1] [error] [idleberg.icon-fonts]: Unknown language in `contributes.icon-fonts.language`. Provided value: blade
[2022-09-15 13:27:11.509] [renderer1] [error] [idleberg.icon-fonts]: Unknown language in `contributes.icon-fonts.language`. Provided value: blade
[2022-09-15 13:27:11.509] [renderer1] [error] [idleberg.icon-fonts]: Unknown language in `contributes.icon-fonts.language`. Provided value: blade
[2022-09-15 13:27:11.509] [renderer1] [error] [idleberg.icon-fonts]: Unknown language in `contributes.icon-fonts.language`. Provided value: blade
[2022-09-15 13:27:11.509] [renderer1] [error] [idleberg.icon-fonts]: Unknown language in `contributes.icon-fonts.language`. Provided value: blade
[2022-09-15 13:27:11.509] [renderer1] [error] [idleberg.icon-fonts]: Unknown language in `contributes.icon-fonts.language`. Provided value: blade
[2022-09-15 13:27:11.510] [renderer1] [error] [idleberg.icon-fonts]: Unknown language in `contributes.icon-fonts.language`. Provided value: blade
[2022-09-15 13:27:11.510] [renderer1] [error] [idleberg.icon-fonts]: Unknown language in `contributes.icon-fonts.language`. Provided value: blade
[2022-09-15 13:27:11.510] [renderer1] [error] [idleberg.icon-fonts]: Unknown language in `contributes.icon-fonts.language`. Provided value: blade
[2022-09-15 13:27:11.510] [renderer1] [error] [idleberg.icon-fonts]: Unknown language in `contributes.icon-fonts.language`. Provided value: blade
[2022-09-15 13:27:11.510] [renderer1] [error] [idleberg.icon-fonts]: Unknown language in `contributes.icon-fonts.language`. Provided value: blade
[2022-09-15 13:27:11.510] [renderer1] [error] [idleberg.icon-fonts]: Unknown language in `contributes.icon-fonts.language`. Provided value: blade
[2022-09-15 13:27:11.510] [renderer1] [error] [idleberg.icon-fonts]: Unknown language in `contributes.icon-fonts.language`. Provided value: blade
[2022-09-15 13:27:11.510] [renderer1] [error] [idleberg.icon-fonts]: Unknown language in `contributes.icon-fonts.language`. Provided value: blade
[2022-09-15 13:27:11.510] [renderer1] [error] [idleberg.icon-fonts]: Unknown language in `contributes.icon-fonts.language`. Provided value: blade
[2022-09-15 13:27:11.511] [renderer1] [error] [idleberg.icon-fonts]: Unknown language in `contributes.icon-fonts.language`. Provided value: blade
[2022-09-15 13:27:11.511] [renderer1] [error] [idleberg.icon-fonts]: Unknown language in `contributes.icon-fonts.language`. Provided value: blade
[2022-09-15 13:27:11.511] [renderer1] [error] [idleberg.icon-fonts]: Unknown language in `contributes.icon-fonts.language`. Provided value: blade
[2022-09-15 13:27:11.511] [renderer1] [error] [idleberg.icon-fonts]: Unknown language in `contributes.icon-fonts.language`. Provided value: vue-html
[2022-09-15 13:27:11.511] [renderer1] [error] [idleberg.icon-fonts]: Unknown language in `contributes.icon-fonts.language`. Provided value: vue-html
[2022-09-15 13:27:11.511] [renderer1] [error] [idleberg.icon-fonts]: Unknown language in `contributes.icon-fonts.language`. Provided value: vue-html
[2022-09-15 13:27:11.511] [renderer1] [error] [idleberg.icon-fonts]: Unknown language in `contributes.icon-fonts.language`. Provided value: vue-html
[2022-09-15 13:27:11.511] [renderer1] [error] [idleberg.icon-fonts]: Unknown language in `contributes.icon-fonts.language`. Provided value: vue-html
[2022-09-15 13:27:11.512] [renderer1] [error] [idleberg.icon-fonts]: Unknown language in `contributes.icon-fonts.language`. Provided value: vue-html
[2022-09-15 13:27:11.512] [renderer1] [error] [idleberg.icon-fonts]: Unknown language in `contributes.icon-fonts.language`. Provided value: vue-html
[2022-09-15 13:27:11.512] [renderer1] [error] [idleberg.icon-fonts]: Unknown language in `contributes.icon-fonts.language`. Provided value: vue-html
[2022-09-15 13:27:11.512] [renderer1] [error] [idleberg.icon-fonts]: Unknown language in `contributes.icon-fonts.language`. Provided value: vue-html
[2022-09-15 13:27:11.512] [renderer1] [error] [idleberg.icon-fonts]: Unknown language in `contributes.icon-fonts.language`. Provided value: vue-html
[2022-09-15 13:27:11.512] [renderer1] [error] [idleberg.icon-fonts]: Unknown language in `contributes.icon-fonts.language`. Provided value: vue-html
[2022-09-15 13:27:11.512] [renderer1] [error] [idleberg.icon-fonts]: Unknown language in `contributes.icon-fonts.language`. Provided value: vue-html
[2022-09-15 13:27:11.512] [renderer1] [error] [idleberg.icon-fonts]: Unknown language in `contributes.icon-fonts.language`. Provided value: vue-html
[2022-09-15 13:27:11.513] [renderer1] [error] [idleberg.icon-fonts]: Unknown language in `contributes.icon-fonts.language`. Provided value: vue-html
[2022-09-15 13:27:11.513] [renderer1] [error] [idleberg.icon-fonts]: Unknown language in `contributes.icon-fonts.language`. Provided value: vue-html
[2022-09-15 13:27:11.513] [renderer1] [error] [idleberg.icon-fonts]: Unknown language in `contributes.icon-fonts.language`. Provided value: vue-html
[2022-09-15 13:27:11.513] [renderer1] [error] [idleberg.icon-fonts]: Unknown language in `contributes.icon-fonts.language`. Provided value: vue-html
[2022-09-15 13:27:11.513] [renderer1] [error] [idleberg.icon-fonts]: Unknown language in `contributes.icon-fonts.language`. Provided value: vue-html
[2022-09-15 13:27:11.513] [renderer1] [error] [idleberg.icon-fonts]: Unknown language in `contributes.icon-fonts.language`. Provided value: vue-html
[2022-09-15 13:27:11.513] [renderer1] [error] [idleberg.icon-fonts]: Unknown language in `contributes.icon-fonts.language`. Provided value: vue-html
[2022-09-15 13:27:11.514] [renderer1] [error] [idleberg.icon-fonts]: Unknown language in `contributes.icon-fonts.language`. Provided value: vue-html
[2022-09-15 13:27:11.514] [renderer1] [error] [idleberg.icon-fonts]: Unknown language in `contributes.icon-fonts.language`. Provided value: vue-html
[2022-09-15 13:27:11.514] [renderer1] [error] [idleberg.icon-fonts]: Unknown language in `contributes.icon-fonts.language`. Provided value: vue-html
[2022-09-15 13:27:11.514] [renderer1] [error] [idleberg.icon-fonts]: Unknown language in `contributes.icon-fonts.language`. Provided value: vue-html
[2022-09-15 13:27:11.514] [renderer1] [error] [idleberg.icon-fonts]: Unknown language in `contributes.icon-fonts.language`. Provided value: vue-html
[2022-09-15 13:27:11.514] [renderer1] [error] [idleberg.icon-fonts]: Unknown language in `contributes.icon-fonts.language`. Provided value: vue-html
[2022-09-15 13:27:11.514] [renderer1] [error] [idleberg.icon-fonts]: Unknown language in `contributes.icon-fonts.language`. Provided value: vue-html
[2022-09-15 13:27:11.514] [renderer1] [error] [idleberg.icon-fonts]: Unknown language in `contributes.icon-fonts.language`. Provided value: svelte
[2022-09-15 13:27:11.515] [renderer1] [error] [idleberg.icon-fonts]: Unknown language in `contributes.icon-fonts.language`. Provided value: svelte
[2022-09-15 13:27:11.515] [renderer1] [error] [idleberg.icon-fonts]: Unknown language in `contributes.icon-fonts.language`. Provided value: svelte
[2022-09-15 13:27:11.515] [renderer1] [error] [idleberg.icon-fonts]: Unknown language in `contributes.icon-fonts.language`. Provided value: svelte
[2022-09-15 13:27:11.515] [renderer1] [error] [idleberg.icon-fonts]: Unknown language in `contributes.icon-fonts.language`. Provided value: svelte
[2022-09-15 13:27:11.515] [renderer1] [error] [idleberg.icon-fonts]: Unknown language in `contributes.icon-fonts.language`. Provided value: svelte
[2022-09-15 13:27:11.515] [renderer1] [error] [idleberg.icon-fonts]: Unknown language in `contributes.icon-fonts.language`. Provided value: svelte
[2022-09-15 13:27:11.515] [renderer1] [error] [idleberg.icon-fonts]: Unknown language in `contributes.icon-fonts.language`. Provided value: svelte
[2022-09-15 13:27:11.515] [renderer1] [error] [idleberg.icon-fonts]: Unknown language in `contributes.icon-fonts.language`. Provided value: svelte
[2022-09-15 13:27:11.515] [renderer1] [error] [idleberg.icon-fonts]: Unknown language in `contributes.icon-fonts.language`. Provided value: svelte
[2022-09-15 13:27:11.516] [renderer1] [error] [idleberg.icon-fonts]: Unknown language in `contributes.icon-fonts.language`. Provided value: svelte
[2022-09-15 13:27:11.516] [renderer1] [error] [idleberg.icon-fonts]: Unknown language in `contributes.icon-fonts.language`. Provided value: svelte
[2022-09-15 13:27:11.516] [renderer1] [error] [idleberg.icon-fonts]: Unknown language in `contributes.icon-fonts.language`. Provided value: svelte
[2022-09-15 13:27:11.516] [renderer1] [error] [idleberg.icon-fonts]: Unknown language in `contributes.icon-fonts.language`. Provided value: svelte
[2022-09-15 13:27:11.516] [renderer1] [error] [idleberg.icon-fonts]: Unknown language in `contributes.icon-fonts.language`. Provided value: svelte
[2022-09-15 13:27:11.516] [renderer1] [error] [idleberg.icon-fonts]: Unknown language in `contributes.icon-fonts.language`. Provided value: svelte
[2022-09-15 13:27:11.516] [renderer1] [error] [idleberg.icon-fonts]: Unknown language in `contributes.icon-fonts.language`. Provided value: svelte
[2022-09-15 13:27:11.516] [renderer1] [error] [idleberg.icon-fonts]: Unknown language in `contributes.icon-fonts.language`. Provided value: svelte
[2022-09-15 13:27:11.517] [renderer1] [error] [idleberg.icon-fonts]: Unknown language in `contributes.icon-fonts.language`. Provided value: svelte
[2022-09-15 13:27:11.517] [renderer1] [error] [idleberg.icon-fonts]: Unknown language in `contributes.icon-fonts.language`. Provided value: svelte
[2022-09-15 13:27:11.517] [renderer1] [error] [idleberg.icon-fonts]: Unknown language in `contributes.icon-fonts.language`. Provided value: svelte
[2022-09-15 13:27:11.517] [renderer1] [error] [idleberg.icon-fonts]: Unknown language in `contributes.icon-fonts.language`. Provided value: svelte
[2022-09-15 13:27:11.517] [renderer1] [error] [idleberg.icon-fonts]: Unknown language in `contributes.icon-fonts.language`. Provided value: svelte
[2022-09-15 13:27:11.517] [renderer1] [error] [idleberg.icon-fonts]: Unknown language in `contributes.icon-fonts.language`. Provided value: svelte
[2022-09-15 13:27:11.517] [renderer1] [error] [idleberg.icon-fonts]: Unknown language in `contributes.icon-fonts.language`. Provided value: svelte
[2022-09-15 13:27:11.518] [renderer1] [error] [idleberg.icon-fonts]: Unknown language in `contributes.icon-fonts.language`. Provided value: svelte
[2022-09-15 13:27:11.518] [renderer1] [error] [idleberg.icon-fonts]: Unknown language in `contributes.icon-fonts.language`. Provided value: svelte
[2022-09-15 13:27:11.796] [renderer1] [error] [Extension Host] (node:127195) [DEP0005] DeprecationWarning: Buffer() is deprecated due to security and usability issues. Please use the Buffer.alloc(), Buffer.allocUnsafe(), or Buffer.from() methods instead.
(Use `code --trace-deprecation ...` to show where the warning was created)
[2022-09-15 13:27:14.961] [renderer1] [warning] [twxs.cmake]: Cannot register 'cmake.cmakePath'. This property is already registered.
[2022-09-15 13:27:15.320] [renderer1] [error] [idleberg.icon-fonts]: Unknown language in `contributes.icon-fonts.language`. Provided value: blade
[2022-09-15 13:27:15.321] [renderer1] [error] [idleberg.icon-fonts]: Unknown language in `contributes.icon-fonts.language`. Provided value: blade
[2022-09-15 13:27:15.321] [renderer1] [error] [idleberg.icon-fonts]: Unknown language in `contributes.icon-fonts.language`. Provided value: blade
[2022-09-15 13:27:15.321] [renderer1] [error] [idleberg.icon-fonts]: Unknown language in `contributes.icon-fonts.language`. Provided value: blade
[2022-09-15 13:27:15.321] [renderer1] [error] [idleberg.icon-fonts]: Unknown language in `contributes.icon-fonts.language`. Provided value: blade
[2022-09-15 13:27:15.321] [renderer1] [error] [idleberg.icon-fonts]: Unknown language in `contributes.icon-fonts.language`. Provided value: blade
[2022-09-15 13:27:15.321] [renderer1] [error] [idleberg.icon-fonts]: Unknown language in `contributes.icon-fonts.language`. Provided value: blade
[2022-09-15 13:27:15.321] [renderer1] [error] [idleberg.icon-fonts]: Unknown language in `contributes.icon-fonts.language`. Provided value: blade
[2022-09-15 13:27:15.321] [renderer1] [error] [idleberg.icon-fonts]: Unknown language in `contributes.icon-fonts.language`. Provided value: blade
[2022-09-15 13:27:15.321] [renderer1] [error] [idleberg.icon-fonts]: Unknown language in `contributes.icon-fonts.language`. Provided value: blade
[2022-09-15 13:27:15.322] [renderer1] [error] [idleberg.icon-fonts]: Unknown language in `contributes.icon-fonts.language`. Provided value: blade
[2022-09-15 13:27:15.322] [renderer1] [error] [idleberg.icon-fonts]: Unknown language in `contributes.icon-fonts.language`. Provided value: blade
[2022-09-15 13:27:15.322] [renderer1] [error] [idleberg.icon-fonts]: Unknown language in `contributes.icon-fonts.language`. Provided value: blade
[2022-09-15 13:27:15.322] [renderer1] [error] [idleberg.icon-fonts]: Unknown language in `contributes.icon-fonts.language`. Provided value: blade
[2022-09-15 13:27:15.322] [renderer1] [error] [idleberg.icon-fonts]: Unknown language in `contributes.icon-fonts.language`. Provided value: blade
[2022-09-15 13:27:15.322] [renderer1] [error] [idleberg.icon-fonts]: Unknown language in `contributes.icon-fonts.language`. Provided value: blade
[2022-09-15 13:27:15.322] [renderer1] [error] [idleberg.icon-fonts]: Unknown language in `contributes.icon-fonts.language`. Provided value: blade
[2022-09-15 13:27:15.322] [renderer1] [error] [idleberg.icon-fonts]: Unknown language in `contributes.icon-fonts.language`. Provided value: blade
[2022-09-15 13:27:15.322] [renderer1] [error] [idleberg.icon-fonts]: Unknown language in `contributes.icon-fonts.language`. Provided value: blade
[2022-09-15 13:27:15.322] [renderer1] [error] [idleberg.icon-fonts]: Unknown language in `contributes.icon-fonts.language`. Provided value: blade
[2022-09-15 13:27:15.323] [renderer1] [error] [idleberg.icon-fonts]: Unknown language in `contributes.icon-fonts.language`. Provided value: blade
[2022-09-15 13:27:15.323] [renderer1] [error] [idleberg.icon-fonts]: Unknown language in `contributes.icon-fonts.language`. Provided value: blade
[2022-09-15 13:27:15.323] [renderer1] [error] [idleberg.icon-fonts]: Unknown language in `contributes.icon-fonts.language`. Provided value: blade
[2022-09-15 13:27:15.323] [renderer1] [error] [idleberg.icon-fonts]: Unknown language in `contributes.icon-fonts.language`. Provided value: blade
[2022-09-15 13:27:15.323] [renderer1] [error] [idleberg.icon-fonts]: Unknown language in `contributes.icon-fonts.language`. Provided value: blade
[2022-09-15 13:27:15.323] [renderer1] [error] [idleberg.icon-fonts]: Unknown language in `contributes.icon-fonts.language`. Provided value: blade
[2022-09-15 13:27:15.323] [renderer1] [error] [idleberg.icon-fonts]: Unknown language in `contributes.icon-fonts.language`. Provided value: blade
[2022-09-15 13:27:15.323] [renderer1] [error] [idleberg.icon-fonts]: Unknown language in `contributes.icon-fonts.language`. Provided value: vue-html
[2022-09-15 13:27:15.323] [renderer1] [error] [idleberg.icon-fonts]: Unknown language in `contributes.icon-fonts.language`. Provided value: vue-html
[2022-09-15 13:27:15.323] [renderer1] [error] [idleberg.icon-fonts]: Unknown language in `contributes.icon-fonts.language`. Provided value: vue-html
[2022-09-15 13:27:15.323] [renderer1] [error] [idleberg.icon-fonts]: Unknown language in `contributes.icon-fonts.language`. Provided value: vue-html
[2022-09-15 13:27:15.324] [renderer1] [error] [idleberg.icon-fonts]: Unknown language in `contributes.icon-fonts.language`. Provided value: vue-html
[2022-09-15 13:27:15.324] [renderer1] [error] [idleberg.icon-fonts]: Unknown language in `contributes.icon-fonts.language`. Provided value: vue-html
[2022-09-15 13:27:15.324] [renderer1] [error] [idleberg.icon-fonts]: Unknown language in `contributes.icon-fonts.language`. Provided value: vue-html
[2022-09-15 13:27:15.324] [renderer1] [error] [idleberg.icon-fonts]: Unknown language in `contributes.icon-fonts.language`. Provided value: vue-html
[2022-09-15 13:27:15.324] [renderer1] [error] [idleberg.icon-fonts]: Unknown language in `contributes.icon-fonts.language`. Provided value: vue-html
[2022-09-15 13:27:15.324] [renderer1] [error] [idleberg.icon-fonts]: Unknown language in `contributes.icon-fonts.language`. Provided value: vue-html
[2022-09-15 13:27:15.324] [renderer1] [error] [idleberg.icon-fonts]: Unknown language in `contributes.icon-fonts.language`. Provided value: vue-html
[2022-09-15 13:27:15.324] [renderer1] [error] [idleberg.icon-fonts]: Unknown language in `contributes.icon-fonts.language`. Provided value: vue-html
[2022-09-15 13:27:15.324] [renderer1] [error] [idleberg.icon-fonts]: Unknown language in `contributes.icon-fonts.language`. Provided value: vue-html
[2022-09-15 13:27:15.324] [renderer1] [error] [idleberg.icon-fonts]: Unknown language in `contributes.icon-fonts.language`. Provided value: vue-html
[2022-09-15 13:27:15.325] [renderer1] [error] [idleberg.icon-fonts]: Unknown language in `contributes.icon-fonts.language`. Provided value: vue-html
[2022-09-15 13:27:15.325] [renderer1] [error] [idleberg.icon-fonts]: Unknown language in `contributes.icon-fonts.language`. Provided value: vue-html
[2022-09-15 13:27:15.325] [renderer1] [error] [idleberg.icon-fonts]: Unknown language in `contributes.icon-fonts.language`. Provided value: vue-html
[2022-09-15 13:27:15.325] [renderer1] [error] [idleberg.icon-fonts]: Unknown language in `contributes.icon-fonts.language`. Provided value: vue-html
[2022-09-15 13:27:15.325] [renderer1] [error] [idleberg.icon-fonts]: Unknown language in `contributes.icon-fonts.language`. Provided value: vue-html
[2022-09-15 13:27:15.325] [renderer1] [error] [idleberg.icon-fonts]: Unknown language in `contributes.icon-fonts.language`. Provided value: vue-html
[2022-09-15 13:27:15.325] [renderer1] [error] [idleberg.icon-fonts]: Unknown language in `contributes.icon-fonts.language`. Provided value: vue-html
[2022-09-15 13:27:15.325] [renderer1] [error] [idleberg.icon-fonts]: Unknown language in `contributes.icon-fonts.language`. Provided value: vue-html
[2022-09-15 13:27:15.325] [renderer1] [error] [idleberg.icon-fonts]: Unknown language in `contributes.icon-fonts.language`. Provided value: vue-html
[2022-09-15 13:27:15.325] [renderer1] [error] [idleberg.icon-fonts]: Unknown language in `contributes.icon-fonts.language`. Provided value: vue-html
[2022-09-15 13:27:15.325] [renderer1] [error] [idleberg.icon-fonts]: Unknown language in `contributes.icon-fonts.language`. Provided value: vue-html
[2022-09-15 13:27:15.325] [renderer1] [error] [idleberg.icon-fonts]: Unknown language in `contributes.icon-fonts.language`. Provided value: vue-html
[2022-09-15 13:27:15.326] [renderer1] [error] [idleberg.icon-fonts]: Unknown language in `contributes.icon-fonts.language`. Provided value: vue-html
[2022-09-15 13:27:15.326] [renderer1] [error] [idleberg.icon-fonts]: Unknown language in `contributes.icon-fonts.language`. Provided value: svelte
[2022-09-15 13:27:15.326] [renderer1] [error] [idleberg.icon-fonts]: Unknown language in `contributes.icon-fonts.language`. Provided value: svelte
[2022-09-15 13:27:15.326] [renderer1] [error] [idleberg.icon-fonts]: Unknown language in `contributes.icon-fonts.language`. Provided value: svelte
[2022-09-15 13:27:15.326] [renderer1] [error] [idleberg.icon-fonts]: Unknown language in `contributes.icon-fonts.language`. Provided value: svelte
[2022-09-15 13:27:15.326] [renderer1] [error] [idleberg.icon-fonts]: Unknown language in `contributes.icon-fonts.language`. Provided value: svelte
[2022-09-15 13:27:15.326] [renderer1] [error] [idleberg.icon-fonts]: Unknown language in `contributes.icon-fonts.language`. Provided value: svelte
[2022-09-15 13:27:15.326] [renderer1] [error] [idleberg.icon-fonts]: Unknown language in `contributes.icon-fonts.language`. Provided value: svelte
[2022-09-15 13:27:15.326] [renderer1] [error] [idleberg.icon-fonts]: Unknown language in `contributes.icon-fonts.language`. Provided value: svelte
[2022-09-15 13:27:15.327] [renderer1] [error] [idleberg.icon-fonts]: Unknown language in `contributes.icon-fonts.language`. Provided value: svelte
[2022-09-15 13:27:15.327] [renderer1] [error] [idleberg.icon-fonts]: Unknown language in `contributes.icon-fonts.language`. Provided value: svelte
[2022-09-15 13:27:15.327] [renderer1] [error] [idleberg.icon-fonts]: Unknown language in `contributes.icon-fonts.language`. Provided value: svelte
[2022-09-15 13:27:15.327] [renderer1] [error] [idleberg.icon-fonts]: Unknown language in `contributes.icon-fonts.language`. Provided value: svelte
[2022-09-15 13:27:15.327] [renderer1] [error] [idleberg.icon-fonts]: Unknown language in `contributes.icon-fonts.language`. Provided value: svelte
[2022-09-15 13:27:15.327] [renderer1] [error] [idleberg.icon-fonts]: Unknown language in `contributes.icon-fonts.language`. Provided value: svelte
[2022-09-15 13:27:15.327] [renderer1] [error] [idleberg.icon-fonts]: Unknown language in `contributes.icon-fonts.language`. Provided value: svelte
[2022-09-15 13:27:15.327] [renderer1] [error] [idleberg.icon-fonts]: Unknown language in `contributes.icon-fonts.language`. Provided value: svelte
[2022-09-15 13:27:15.327] [renderer1] [error] [idleberg.icon-fonts]: Unknown language in `contributes.icon-fonts.language`. Provided value: svelte
[2022-09-15 13:27:15.327] [renderer1] [error] [idleberg.icon-fonts]: Unknown language in `contributes.icon-fonts.language`. Provided value: svelte
[2022-09-15 13:27:15.327] [renderer1] [error] [idleberg.icon-fonts]: Unknown language in `contributes.icon-fonts.language`. Provided value: svelte
[2022-09-15 13:27:15.328] [renderer1] [error] [idleberg.icon-fonts]: Unknown language in `contributes.icon-fonts.language`. Provided value: svelte
[2022-09-15 13:27:15.328] [renderer1] [error] [idleberg.icon-fonts]: Unknown language in `contributes.icon-fonts.language`. Provided value: svelte
[2022-09-15 13:27:15.328] [renderer1] [error] [idleberg.icon-fonts]: Unknown language in `contributes.icon-fonts.language`. Provided value: svelte
[2022-09-15 13:27:15.328] [renderer1] [error] [idleberg.icon-fonts]: Unknown language in `contributes.icon-fonts.language`. Provided value: svelte
[2022-09-15 13:27:15.328] [renderer1] [error] [idleberg.icon-fonts]: Unknown language in `contributes.icon-fonts.language`. Provided value: svelte
[2022-09-15 13:27:15.328] [renderer1] [error] [idleberg.icon-fonts]: Unknown language in `contributes.icon-fonts.language`. Provided value: svelte
[2022-09-15 13:27:15.328] [renderer1] [error] [idleberg.icon-fonts]: Unknown language in `contributes.icon-fonts.language`. Provided value: svelte
[2022-09-15 13:27:15.328] [renderer1] [error] [idleberg.icon-fonts]: Unknown language in `contributes.icon-fonts.language`. Provided value: svelte
