[Info  - 00:30:36.184] Reading sessions from keychain...
[Info  - 00:30:36.198] Getting sessions for user:email...
[Info  - 00:30:36.213] Getting sessions for all scopes...
[Info  - 00:30:36.213] Got 0 sessions for user:email...
[Info  - 00:30:36.213] Got 0 sessions for ...
[Info  - 00:30:37.371] Getting sessions for read:user...
[Info  - 00:30:37.371] Got 0 sessions for read:user...
[Info  - 00:30:42.734] Getting sessions for read:user...
[Info  - 00:30:42.734] Got 0 sessions for read:user...
[Info  - 00:30:44.586] Logging in for the following scopes: read:user
[Info  - 00:30:44.592] Trying without local server... (read:user)
[Trace  - 00:30:54.198] Handling Uri...
[Info  - 00:30:54.198] Exchanging code for token...
[Info  - 00:30:55.702] Token exchange success!
[Info  - 00:30:55.703] Getting user info...
[Info  - 00:30:56.115] Got account info!
[Info  - 00:30:56.116] Storing 1 sessions...
[Error  - 00:30:56.126] Setting token failed: Error: GDBus.Error:org.freedesktop.DBus.Error.ServiceUnknown: The name org.freedesktop.secrets was not provided by any .service files
[Info  - 00:30:56.126] Stored 1 sessions!
[Info  - 00:30:56.126] Login success!
[Info  - 00:30:56.139] Getting sessions for user:email...
[Info  - 00:30:56.140] Got 0 sessions for user:email...
